2021-05-11 20:44:15.015 [restartedMain] INFO  com.example.demo.DemoApplication - Starting DemoApplication using Java 15.0.2 on LAPTOP-3LGAJ4HU with PID 14612 (D:\main\JavaCode\demo\target\classes started by TuQi in D:\main\JavaCode\demo)
2021-05-11 20:44:15.017 [restartedMain] INFO  com.example.demo.DemoApplication - No active profile set, falling back to default profiles: default
2021-05-11 20:44:15.071 [restartedMain] INFO  o.s.b.d.env.DevToolsPropertyDefaultsPostProcessor - Devtools property defaults active! Set 'spring.devtools.add-properties' to 'false' to disable
2021-05-11 20:44:15.072 [restartedMain] INFO  o.s.b.d.env.DevToolsPropertyDefaultsPostProcessor - For additional web related logging consider setting the 'logging.level.web' property to 'DEBUG'
2021-05-11 20:44:15.711 [restartedMain] INFO  o.s.d.r.config.RepositoryConfigurationDelegate - Multiple Spring Data modules found, entering strict repository configuration mode!
2021-05-11 20:44:15.713 [restartedMain] INFO  o.s.d.r.config.RepositoryConfigurationDelegate - Bootstrapping Spring Data Redis repositories in DEFAULT mode.
2021-05-11 20:44:15.731 [restartedMain] INFO  o.s.d.r.config.RepositoryConfigurationDelegate - Finished Spring Data repository scanning in 5 ms. Found 0 Redis repository interfaces.
2021-05-11 20:44:16.313 [restartedMain] INFO  o.s.boot.web.embedded.tomcat.TomcatWebServer - Tomcat initialized with port(s): 8080 (http)
2021-05-11 20:44:16.320 [restartedMain] INFO  org.apache.coyote.http11.Http11NioProtocol - Initializing ProtocolHandler ["http-nio-8080"]
2021-05-11 20:44:16.320 [restartedMain] INFO  org.apache.catalina.core.StandardService - Starting service [Tomcat]
2021-05-11 20:44:16.321 [restartedMain] INFO  org.apache.catalina.core.StandardEngine - Starting Servlet engine: [Apache Tomcat/9.0.43]
2021-05-11 20:44:16.376 [restartedMain] INFO  o.a.c.core.ContainerBase.[Tomcat].[localhost].[/] - Initializing Spring embedded WebApplicationContext
2021-05-11 20:44:16.377 [restartedMain] INFO  o.s.b.w.s.c.ServletWebServerApplicationContext - Root WebApplicationContext: initialization completed in 1304 ms
2021-05-11 20:44:16.501 [restartedMain] INFO  c.a.d.s.b.a.DruidDataSourceAutoConfigure - Init DruidDataSource
2021-05-11 20:44:16.594 [restartedMain] INFO  com.alibaba.druid.pool.DruidDataSource - {dataSource-1} inited
2021-05-11 20:44:16.754 [restartedMain] INFO  com.example.demo.util.MyAspect - MyMvcConfig$$EnhancerBySpringCGLIB$$4ffda636#CreateRandom 任务执行开始,args=[]
2021-05-11 20:44:16.774 [restartedMain] INFO  com.example.demo.util.MyAspect - MyMvcConfig$$EnhancerBySpringCGLIB$$4ffda636#CreateDateTimeFormatter 任务执行开始,args=[]
2021-05-11 20:44:16.939 [restartedMain] INFO  com.example.demo.util.MyAspect - MyMvcConfig$$EnhancerBySpringCGLIB$$4ffda636#template 任务执行开始,args=[org.springframework.data.redis.connection.lettuce.LettuceConnectionFactory@1876e713]
2021-05-11 20:44:17.222 [restartedMain] INFO  o.s.scheduling.concurrent.ThreadPoolTaskExecutor - Initializing ExecutorService 'applicationTaskExecutor'
2021-05-11 20:44:17.293 [restartedMain] INFO  o.s.b.a.web.servlet.WelcomePageHandlerMapping - Adding welcome page template: index
2021-05-11 20:44:17.305 [restartedMain] INFO  com.example.demo.util.MyAspect - MyMvcConfig$$EnhancerBySpringCGLIB$$4ffda636#addViewControllers 任务执行开始,args=[org.springframework.web.servlet.config.annotation.ViewControllerRegistry@72b6d46f]
2021-05-11 20:44:17.564 [restartedMain] INFO  o.s.b.d.autoconfigure.OptionalLiveReloadServer - LiveReload server is running on port 35729
2021-05-11 20:44:17.584 [restartedMain] INFO  org.apache.coyote.http11.Http11NioProtocol - Starting ProtocolHandler ["http-nio-8080"]
2021-05-11 20:44:17.600 [restartedMain] INFO  o.s.boot.web.embedded.tomcat.TomcatWebServer - Tomcat started on port(s): 8080 (http) with context path ''
2021-05-11 20:44:17.609 [restartedMain] INFO  com.example.demo.DemoApplication - Started DemoApplication in 3.024 seconds (JVM running for 3.864)
2021-05-11 20:44:26.545 [http-nio-8080-exec-1] INFO  o.a.c.core.ContainerBase.[Tomcat].[localhost].[/] - Initializing Spring DispatcherServlet 'dispatcherServlet'
2021-05-11 20:44:26.545 [http-nio-8080-exec-1] INFO  org.springframework.web.servlet.DispatcherServlet - Initializing Servlet 'dispatcherServlet'
2021-05-11 20:44:26.546 [http-nio-8080-exec-1] INFO  org.springframework.web.servlet.DispatcherServlet - Completed initialization in 1 ms
