2021-05-23 09:17:42.679 [main] INFO  o.s.b.t.context.SpringBootTestContextBootstrapper - Neither @ContextConfiguration nor @ContextHierarchy found for test class [com.example.demo.DemoApplicationTests], using SpringBootContextLoader
2021-05-23 09:17:42.685 [main] INFO  o.s.test.context.support.AbstractContextLoader - Could not detect default resource locations for test class [com.example.demo.DemoApplicationTests]: no resource found for suffixes {-context.xml, Context.groovy}.
2021-05-23 09:17:42.686 [main] INFO  o.s.t.c.support.AnnotationConfigContextLoaderUtils - Could not detect default configuration classes for test class [com.example.demo.DemoApplicationTests]: DemoApplicationTests does not declare any static, non-private, non-final, nested classes annotated with @Configuration.
2021-05-23 09:17:42.794 [main] INFO  o.s.b.t.context.SpringBootTestContextBootstrapper - Found @SpringBootConfiguration com.example.demo.DemoApplication for test class com.example.demo.DemoApplicationTests
2021-05-23 09:17:42.906 [main] INFO  o.s.b.t.context.SpringBootTestContextBootstrapper - Loaded default TestExecutionListener class names from location [META-INF/spring.factories]: [org.springframework.boot.test.mock.mockito.MockitoTestExecutionListener, org.springframework.boot.test.mock.mockito.ResetMocksTestExecutionListener, org.springframework.boot.test.autoconfigure.restdocs.RestDocsTestExecutionListener, org.springframework.boot.test.autoconfigure.web.client.MockRestServiceServerResetTestExecutionListener, org.springframework.boot.test.autoconfigure.web.servlet.MockMvcPrintOnlyOnFailureTestExecutionListener, org.springframework.boot.test.autoconfigure.web.servlet.WebDriverTestExecutionListener, org.springframework.boot.test.autoconfigure.webservices.client.MockWebServiceServerTestExecutionListener, org.springframework.test.context.web.ServletTestExecutionListener, org.springframework.test.context.support.DirtiesContextBeforeModesTestExecutionListener, org.springframework.test.context.event.ApplicationEventsTestExecutionListener, org.springframework.test.context.support.DependencyInjectionTestExecutionListener, org.springframework.test.context.support.DirtiesContextTestExecutionListener, org.springframework.test.context.transaction.TransactionalTestExecutionListener, org.springframework.test.context.jdbc.SqlScriptsTestExecutionListener, org.springframework.test.context.event.EventPublishingTestExecutionListener]
2021-05-23 09:17:42.927 [main] INFO  o.s.b.t.context.SpringBootTestContextBootstrapper - Using TestExecutionListeners: [org.springframework.test.context.web.ServletTestExecutionListener@54c62d71, org.springframework.test.context.support.DirtiesContextBeforeModesTestExecutionListener@65045a87, org.springframework.test.context.event.ApplicationEventsTestExecutionListener@47f4e407, org.springframework.boot.test.mock.mockito.MockitoTestExecutionListener@2d1dee39, org.springframework.boot.test.autoconfigure.SpringBootDependencyInjectionTestExecutionListener@48d5f34e, org.springframework.test.context.support.DirtiesContextTestExecutionListener@fc258b1, org.springframework.test.context.transaction.TransactionalTestExecutionListener@6ff65192, org.springframework.test.context.jdbc.SqlScriptsTestExecutionListener@2dd80673, org.springframework.test.context.event.EventPublishingTestExecutionListener@4af0df05, org.springframework.boot.test.mock.mockito.ResetMocksTestExecutionListener@57ea113a, org.springframework.boot.test.autoconfigure.restdocs.RestDocsTestExecutionListener@acdb094, org.springframework.boot.test.autoconfigure.web.client.MockRestServiceServerResetTestExecutionListener@674bd420, org.springframework.boot.test.autoconfigure.web.servlet.MockMvcPrintOnlyOnFailureTestExecutionListener@2b0f373b, org.springframework.boot.test.autoconfigure.web.servlet.WebDriverTestExecutionListener@2ceb80a1, org.springframework.boot.test.autoconfigure.webservices.client.MockWebServiceServerTestExecutionListener@4b45dcb8]
2021-05-23 09:17:43.301 [main] INFO  com.example.demo.DemoApplicationTests - Starting DemoApplicationTests using Java 15.0.2 on LAPTOP-3LGAJ4HU with PID 14456 (started by TuQi in D:\main\JavaCode\demo)
2021-05-23 09:17:43.303 [main] INFO  com.example.demo.DemoApplicationTests - No active profile set, falling back to default profiles: default
2021-05-23 09:17:44.044 [main] INFO  o.s.d.r.config.RepositoryConfigurationDelegate - Multiple Spring Data modules found, entering strict repository configuration mode!
2021-05-23 09:17:44.048 [main] INFO  o.s.d.r.config.RepositoryConfigurationDelegate - Bootstrapping Spring Data Redis repositories in DEFAULT mode.
2021-05-23 09:17:44.074 [main] INFO  o.s.d.r.config.RepositoryConfigurationDelegate - Finished Spring Data repository scanning in 10 ms. Found 0 Redis repository interfaces.
2021-05-23 09:17:45.442 [main] INFO  c.a.d.s.b.a.DruidDataSourceAutoConfigure - Init DruidDataSource
2021-05-23 09:17:45.685 [main] INFO  com.alibaba.druid.pool.DruidDataSource - {dataSource-1} inited
2021-05-23 09:17:46.662 [main] INFO  o.s.scheduling.concurrent.ThreadPoolTaskExecutor - Initializing ExecutorService 'applicationTaskExecutor'
2021-05-23 09:17:46.843 [main] INFO  o.s.b.a.web.servlet.WelcomePageHandlerMapping - Adding welcome page template: index
2021-05-23 09:17:47.523 [main] INFO  com.example.demo.DemoApplicationTests - Started DemoApplicationTests in 4.537 seconds (JVM running for 5.677)
2021-05-23 09:17:48.538 [SpringContextShutdownHook] INFO  o.s.scheduling.concurrent.ThreadPoolTaskExecutor - Shutting down ExecutorService 'applicationTaskExecutor'
2021-05-23 09:17:48.539 [SpringContextShutdownHook] INFO  com.alibaba.druid.pool.DruidDataSource - {dataSource-1} closing ...
2021-05-23 09:17:48.544 [SpringContextShutdownHook] INFO  com.alibaba.druid.pool.DruidDataSource - {dataSource-1} closed
2021-05-23 09:18:42.567 [main] INFO  o.s.b.t.context.SpringBootTestContextBootstrapper - Neither @ContextConfiguration nor @ContextHierarchy found for test class [com.example.demo.DemoApplicationTests], using SpringBootContextLoader
2021-05-23 09:18:42.573 [main] INFO  o.s.test.context.support.AbstractContextLoader - Could not detect default resource locations for test class [com.example.demo.DemoApplicationTests]: no resource found for suffixes {-context.xml, Context.groovy}.
2021-05-23 09:18:42.574 [main] INFO  o.s.t.c.support.AnnotationConfigContextLoaderUtils - Could not detect default configuration classes for test class [com.example.demo.DemoApplicationTests]: DemoApplicationTests does not declare any static, non-private, non-final, nested classes annotated with @Configuration.
2021-05-23 09:18:42.679 [main] INFO  o.s.b.t.context.SpringBootTestContextBootstrapper - Found @SpringBootConfiguration com.example.demo.DemoApplication for test class com.example.demo.DemoApplicationTests
2021-05-23 09:18:42.778 [main] INFO  o.s.b.t.context.SpringBootTestContextBootstrapper - Loaded default TestExecutionListener class names from location [META-INF/spring.factories]: [org.springframework.boot.test.mock.mockito.MockitoTestExecutionListener, org.springframework.boot.test.mock.mockito.ResetMocksTestExecutionListener, org.springframework.boot.test.autoconfigure.restdocs.RestDocsTestExecutionListener, org.springframework.boot.test.autoconfigure.web.client.MockRestServiceServerResetTestExecutionListener, org.springframework.boot.test.autoconfigure.web.servlet.MockMvcPrintOnlyOnFailureTestExecutionListener, org.springframework.boot.test.autoconfigure.web.servlet.WebDriverTestExecutionListener, org.springframework.boot.test.autoconfigure.webservices.client.MockWebServiceServerTestExecutionListener, org.springframework.test.context.web.ServletTestExecutionListener, org.springframework.test.context.support.DirtiesContextBeforeModesTestExecutionListener, org.springframework.test.context.event.ApplicationEventsTestExecutionListener, org.springframework.test.context.support.DependencyInjectionTestExecutionListener, org.springframework.test.context.support.DirtiesContextTestExecutionListener, org.springframework.test.context.transaction.TransactionalTestExecutionListener, org.springframework.test.context.jdbc.SqlScriptsTestExecutionListener, org.springframework.test.context.event.EventPublishingTestExecutionListener]
2021-05-23 09:18:42.793 [main] INFO  o.s.b.t.context.SpringBootTestContextBootstrapper - Using TestExecutionListeners: [org.springframework.test.context.web.ServletTestExecutionListener@54c62d71, org.springframework.test.context.support.DirtiesContextBeforeModesTestExecutionListener@65045a87, org.springframework.test.context.event.ApplicationEventsTestExecutionListener@47f4e407, org.springframework.boot.test.mock.mockito.MockitoTestExecutionListener@2d1dee39, org.springframework.boot.test.autoconfigure.SpringBootDependencyInjectionTestExecutionListener@48d5f34e, org.springframework.test.context.support.DirtiesContextTestExecutionListener@fc258b1, org.springframework.test.context.transaction.TransactionalTestExecutionListener@6ff65192, org.springframework.test.context.jdbc.SqlScriptsTestExecutionListener@2dd80673, org.springframework.test.context.event.EventPublishingTestExecutionListener@4af0df05, org.springframework.boot.test.mock.mockito.ResetMocksTestExecutionListener@57ea113a, org.springframework.boot.test.autoconfigure.restdocs.RestDocsTestExecutionListener@acdb094, org.springframework.boot.test.autoconfigure.web.client.MockRestServiceServerResetTestExecutionListener@674bd420, org.springframework.boot.test.autoconfigure.web.servlet.MockMvcPrintOnlyOnFailureTestExecutionListener@2b0f373b, org.springframework.boot.test.autoconfigure.web.servlet.WebDriverTestExecutionListener@2ceb80a1, org.springframework.boot.test.autoconfigure.webservices.client.MockWebServiceServerTestExecutionListener@4b45dcb8]
2021-05-23 09:18:43.128 [main] INFO  com.example.demo.DemoApplicationTests - Starting DemoApplicationTests using Java 15.0.2 on LAPTOP-3LGAJ4HU with PID 548 (started by TuQi in D:\main\JavaCode\demo)
2021-05-23 09:18:43.131 [main] INFO  com.example.demo.DemoApplicationTests - No active profile set, falling back to default profiles: default
2021-05-23 09:18:43.769 [main] INFO  o.s.d.r.config.RepositoryConfigurationDelegate - Multiple Spring Data modules found, entering strict repository configuration mode!
2021-05-23 09:18:43.772 [main] INFO  o.s.d.r.config.RepositoryConfigurationDelegate - Bootstrapping Spring Data Redis repositories in DEFAULT mode.
2021-05-23 09:18:43.794 [main] INFO  o.s.d.r.config.RepositoryConfigurationDelegate - Finished Spring Data repository scanning in 8 ms. Found 0 Redis repository interfaces.
2021-05-23 09:18:44.883 [main] INFO  c.a.d.s.b.a.DruidDataSourceAutoConfigure - Init DruidDataSource
2021-05-23 09:18:45.055 [main] INFO  com.alibaba.druid.pool.DruidDataSource - {dataSource-1} inited
2021-05-23 09:18:45.991 [main] INFO  o.s.scheduling.concurrent.ThreadPoolTaskExecutor - Initializing ExecutorService 'applicationTaskExecutor'
2021-05-23 09:18:46.158 [main] INFO  o.s.b.a.web.servlet.WelcomePageHandlerMapping - Adding welcome page template: index
2021-05-23 09:18:46.827 [main] INFO  com.example.demo.DemoApplicationTests - Started DemoApplicationTests in 3.987 seconds (JVM running for 5.004)
2021-05-23 09:18:47.704 [SpringContextShutdownHook] INFO  o.s.scheduling.concurrent.ThreadPoolTaskExecutor - Shutting down ExecutorService 'applicationTaskExecutor'
2021-05-23 09:18:47.705 [SpringContextShutdownHook] INFO  com.alibaba.druid.pool.DruidDataSource - {dataSource-1} closing ...
2021-05-23 09:18:47.709 [SpringContextShutdownHook] INFO  com.alibaba.druid.pool.DruidDataSource - {dataSource-1} closed
2021-05-23 09:19:54.027 [main] INFO  o.s.b.t.context.SpringBootTestContextBootstrapper - Neither @ContextConfiguration nor @ContextHierarchy found for test class [com.example.demo.DemoApplicationTests], using SpringBootContextLoader
2021-05-23 09:19:54.034 [main] INFO  o.s.test.context.support.AbstractContextLoader - Could not detect default resource locations for test class [com.example.demo.DemoApplicationTests]: no resource found for suffixes {-context.xml, Context.groovy}.
2021-05-23 09:19:54.035 [main] INFO  o.s.t.c.support.AnnotationConfigContextLoaderUtils - Could not detect default configuration classes for test class [com.example.demo.DemoApplicationTests]: DemoApplicationTests does not declare any static, non-private, non-final, nested classes annotated with @Configuration.
2021-05-23 09:19:54.139 [main] INFO  o.s.b.t.context.SpringBootTestContextBootstrapper - Found @SpringBootConfiguration com.example.demo.DemoApplication for test class com.example.demo.DemoApplicationTests
2021-05-23 09:19:54.250 [main] INFO  o.s.b.t.context.SpringBootTestContextBootstrapper - Loaded default TestExecutionListener class names from location [META-INF/spring.factories]: [org.springframework.boot.test.mock.mockito.MockitoTestExecutionListener, org.springframework.boot.test.mock.mockito.ResetMocksTestExecutionListener, org.springframework.boot.test.autoconfigure.restdocs.RestDocsTestExecutionListener, org.springframework.boot.test.autoconfigure.web.client.MockRestServiceServerResetTestExecutionListener, org.springframework.boot.test.autoconfigure.web.servlet.MockMvcPrintOnlyOnFailureTestExecutionListener, org.springframework.boot.test.autoconfigure.web.servlet.WebDriverTestExecutionListener, org.springframework.boot.test.autoconfigure.webservices.client.MockWebServiceServerTestExecutionListener, org.springframework.test.context.web.ServletTestExecutionListener, org.springframework.test.context.support.DirtiesContextBeforeModesTestExecutionListener, org.springframework.test.context.event.ApplicationEventsTestExecutionListener, org.springframework.test.context.support.DependencyInjectionTestExecutionListener, org.springframework.test.context.support.DirtiesContextTestExecutionListener, org.springframework.test.context.transaction.TransactionalTestExecutionListener, org.springframework.test.context.jdbc.SqlScriptsTestExecutionListener, org.springframework.test.context.event.EventPublishingTestExecutionListener]
2021-05-23 09:19:54.283 [main] INFO  o.s.b.t.context.SpringBootTestContextBootstrapper - Using TestExecutionListeners: [org.springframework.test.context.web.ServletTestExecutionListener@54c62d71, org.springframework.test.context.support.DirtiesContextBeforeModesTestExecutionListener@65045a87, org.springframework.test.context.event.ApplicationEventsTestExecutionListener@47f4e407, org.springframework.boot.test.mock.mockito.MockitoTestExecutionListener@2d1dee39, org.springframework.boot.test.autoconfigure.SpringBootDependencyInjectionTestExecutionListener@48d5f34e, org.springframework.test.context.support.DirtiesContextTestExecutionListener@fc258b1, org.springframework.test.context.transaction.TransactionalTestExecutionListener@6ff65192, org.springframework.test.context.jdbc.SqlScriptsTestExecutionListener@2dd80673, org.springframework.test.context.event.EventPublishingTestExecutionListener@4af0df05, org.springframework.boot.test.mock.mockito.ResetMocksTestExecutionListener@57ea113a, org.springframework.boot.test.autoconfigure.restdocs.RestDocsTestExecutionListener@acdb094, org.springframework.boot.test.autoconfigure.web.client.MockRestServiceServerResetTestExecutionListener@674bd420, org.springframework.boot.test.autoconfigure.web.servlet.MockMvcPrintOnlyOnFailureTestExecutionListener@2b0f373b, org.springframework.boot.test.autoconfigure.web.servlet.WebDriverTestExecutionListener@2ceb80a1, org.springframework.boot.test.autoconfigure.webservices.client.MockWebServiceServerTestExecutionListener@4b45dcb8]
2021-05-23 09:19:54.740 [main] INFO  com.example.demo.DemoApplicationTests - Starting DemoApplicationTests using Java 15.0.2 on LAPTOP-3LGAJ4HU with PID 5080 (started by TuQi in D:\main\JavaCode\demo)
2021-05-23 09:19:54.742 [main] INFO  com.example.demo.DemoApplicationTests - No active profile set, falling back to default profiles: default
2021-05-23 09:19:55.734 [main] INFO  o.s.d.r.config.RepositoryConfigurationDelegate - Multiple Spring Data modules found, entering strict repository configuration mode!
2021-05-23 09:19:55.737 [main] INFO  o.s.d.r.config.RepositoryConfigurationDelegate - Bootstrapping Spring Data Redis repositories in DEFAULT mode.
2021-05-23 09:19:55.766 [main] INFO  o.s.d.r.config.RepositoryConfigurationDelegate - Finished Spring Data repository scanning in 11 ms. Found 0 Redis repository interfaces.
2021-05-23 09:19:56.931 [main] INFO  c.a.d.s.b.a.DruidDataSourceAutoConfigure - Init DruidDataSource
2021-05-23 09:19:57.120 [main] INFO  com.alibaba.druid.pool.DruidDataSource - {dataSource-1} inited
2021-05-23 09:19:58.140 [main] INFO  o.s.scheduling.concurrent.ThreadPoolTaskExecutor - Initializing ExecutorService 'applicationTaskExecutor'
2021-05-23 09:19:58.345 [main] INFO  o.s.b.a.web.servlet.WelcomePageHandlerMapping - Adding welcome page template: index
2021-05-23 09:19:59.470 [main] INFO  com.example.demo.DemoApplicationTests - Started DemoApplicationTests in 5.107 seconds (JVM running for 6.22)
2021-05-23 09:20:00.394 [SpringContextShutdownHook] INFO  o.s.scheduling.concurrent.ThreadPoolTaskExecutor - Shutting down ExecutorService 'applicationTaskExecutor'
2021-05-23 09:20:00.396 [SpringContextShutdownHook] INFO  com.alibaba.druid.pool.DruidDataSource - {dataSource-1} closing ...
2021-05-23 09:20:00.401 [SpringContextShutdownHook] INFO  com.alibaba.druid.pool.DruidDataSource - {dataSource-1} closed
2021-05-23 09:25:26.356 [restartedMain] INFO  com.example.demo.DemoApplication - Starting DemoApplication using Java 15.0.2 on LAPTOP-3LGAJ4HU with PID 7032 (D:\main\JavaCode\demo\target\classes started by TuQi in D:\main\JavaCode\demo)
2021-05-23 09:25:26.358 [restartedMain] INFO  com.example.demo.DemoApplication - No active profile set, falling back to default profiles: default
2021-05-23 09:25:26.389 [restartedMain] INFO  o.s.b.d.env.DevToolsPropertyDefaultsPostProcessor - Devtools property defaults active! Set 'spring.devtools.add-properties' to 'false' to disable
2021-05-23 09:25:26.389 [restartedMain] INFO  o.s.b.d.env.DevToolsPropertyDefaultsPostProcessor - For additional web related logging consider setting the 'logging.level.web' property to 'DEBUG'
2021-05-23 09:25:26.840 [restartedMain] INFO  o.s.d.r.config.RepositoryConfigurationDelegate - Multiple Spring Data modules found, entering strict repository configuration mode!
2021-05-23 09:25:26.842 [restartedMain] INFO  o.s.d.r.config.RepositoryConfigurationDelegate - Bootstrapping Spring Data Redis repositories in DEFAULT mode.
2021-05-23 09:25:26.865 [restartedMain] INFO  o.s.d.r.config.RepositoryConfigurationDelegate - Finished Spring Data repository scanning in 7 ms. Found 0 Redis repository interfaces.
2021-05-23 09:25:27.332 [restartedMain] INFO  o.s.boot.web.embedded.tomcat.TomcatWebServer - Tomcat initialized with port(s): 8080 (http)
2021-05-23 09:25:27.340 [restartedMain] INFO  org.apache.coyote.http11.Http11NioProtocol - Initializing ProtocolHandler ["http-nio-8080"]
2021-05-23 09:25:27.340 [restartedMain] INFO  org.apache.catalina.core.StandardService - Starting service [Tomcat]
2021-05-23 09:25:27.340 [restartedMain] INFO  org.apache.catalina.core.StandardEngine - Starting Servlet engine: [Apache Tomcat/9.0.43]
2021-05-23 09:25:27.394 [restartedMain] INFO  o.a.c.core.ContainerBase.[Tomcat].[localhost].[/] - Initializing Spring embedded WebApplicationContext
2021-05-23 09:25:27.395 [restartedMain] INFO  o.s.b.w.s.c.ServletWebServerApplicationContext - Root WebApplicationContext: initialization completed in 1006 ms
2021-05-23 09:25:27.645 [restartedMain] INFO  c.a.d.s.b.a.DruidDataSourceAutoConfigure - Init DruidDataSource
2021-05-23 09:25:27.710 [restartedMain] INFO  com.alibaba.druid.pool.DruidDataSource - {dataSource-1} inited
2021-05-23 09:25:28.006 [restartedMain] INFO  o.s.scheduling.concurrent.ThreadPoolTaskExecutor - Initializing ExecutorService 'applicationTaskExecutor'
2021-05-23 09:25:28.072 [restartedMain] INFO  o.s.b.a.web.servlet.WelcomePageHandlerMapping - Adding welcome page template: index
2021-05-23 09:25:28.354 [restartedMain] INFO  o.s.b.d.autoconfigure.OptionalLiveReloadServer - LiveReload server is running on port 35729
2021-05-23 09:25:28.375 [restartedMain] INFO  org.apache.coyote.http11.Http11NioProtocol - Starting ProtocolHandler ["http-nio-8080"]
2021-05-23 09:25:28.394 [restartedMain] INFO  o.s.boot.web.embedded.tomcat.TomcatWebServer - Tomcat started on port(s): 8080 (http) with context path ''
2021-05-23 09:25:28.403 [restartedMain] INFO  com.example.demo.DemoApplication - Started DemoApplication in 2.385 seconds (JVM running for 3.082)
2021-05-23 09:25:54.237 [http-nio-8080-exec-1] INFO  o.a.c.core.ContainerBase.[Tomcat].[localhost].[/] - Initializing Spring DispatcherServlet 'dispatcherServlet'
2021-05-23 09:25:54.237 [http-nio-8080-exec-1] INFO  org.springframework.web.servlet.DispatcherServlet - Initializing Servlet 'dispatcherServlet'
2021-05-23 09:25:54.238 [http-nio-8080-exec-1] INFO  org.springframework.web.servlet.DispatcherServlet - Completed initialization in 1 ms
2021-05-23 09:25:57.055 [http-nio-8080-exec-6] INFO  com.example.demo.util.MyAspect - ResponseController#form 任务执行开始,args=[org.apache.catalina.connector.RequestFacade@6240b302]
2021-05-23 09:25:57.176 [http-nio-8080-exec-5] INFO  com.example.demo.util.MyAspect - DataSourceController#getNetworkTraffic 任务执行开始,args=[org.apache.catalina.connector.RequestFacade@60031ac0]
2021-05-23 09:25:57.176 [http-nio-8080-exec-6] INFO  com.example.demo.util.MyAspect - DataSourceController#getUserInfo 任务执行开始,args=[org.apache.catalina.connector.RequestFacade@6240b302]
2021-05-23 09:26:00.211 [http-nio-8080-exec-8] INFO  com.example.demo.util.MyAspect - DataSourceController#userRechargeSubmit 任务执行开始,args=[org.apache.catalina.connector.RequestFacade@60031ac0, null, null]
2021-05-23 09:50:43.632 [Thread-5] INFO  o.s.scheduling.concurrent.ThreadPoolTaskExecutor - Shutting down ExecutorService 'applicationTaskExecutor'
2021-05-23 09:50:43.633 [Thread-5] INFO  com.alibaba.druid.pool.DruidDataSource - {dataSource-1} closing ...
2021-05-23 09:50:43.634 [Thread-5] INFO  com.alibaba.druid.pool.DruidDataSource - {dataSource-1} closed
2021-05-23 09:50:43.819 [restartedMain] INFO  com.example.demo.DemoApplication - Starting DemoApplication using Java 15.0.2 on LAPTOP-3LGAJ4HU with PID 7032 (D:\main\JavaCode\demo\target\classes started by TuQi in D:\main\JavaCode\demo)
2021-05-23 09:50:43.819 [restartedMain] INFO  com.example.demo.DemoApplication - No active profile set, falling back to default profiles: default
2021-05-23 09:50:43.942 [restartedMain] INFO  o.s.d.r.config.RepositoryConfigurationDelegate - Multiple Spring Data modules found, entering strict repository configuration mode!
2021-05-23 09:50:43.942 [restartedMain] INFO  o.s.d.r.config.RepositoryConfigurationDelegate - Bootstrapping Spring Data Redis repositories in DEFAULT mode.
2021-05-23 09:50:43.945 [restartedMain] INFO  o.s.d.r.config.RepositoryConfigurationDelegate - Finished Spring Data repository scanning in 2 ms. Found 0 Redis repository interfaces.
2021-05-23 09:50:44.029 [restartedMain] INFO  o.s.boot.web.embedded.tomcat.TomcatWebServer - Tomcat initialized with port(s): 8080 (http)
2021-05-23 09:50:44.030 [restartedMain] INFO  org.apache.coyote.http11.Http11NioProtocol - Initializing ProtocolHandler ["http-nio-8080"]
2021-05-23 09:50:44.030 [restartedMain] INFO  org.apache.catalina.core.StandardService - Starting service [Tomcat]
2021-05-23 09:50:44.030 [restartedMain] INFO  org.apache.catalina.core.StandardEngine - Starting Servlet engine: [Apache Tomcat/9.0.43]
2021-05-23 09:50:44.043 [restartedMain] INFO  o.a.c.core.ContainerBase.[Tomcat].[localhost].[/] - Initializing Spring embedded WebApplicationContext
2021-05-23 09:50:44.043 [restartedMain] INFO  o.s.b.w.s.c.ServletWebServerApplicationContext - Root WebApplicationContext: initialization completed in 222 ms
2021-05-23 09:50:44.105 [restartedMain] INFO  c.a.d.s.b.a.DruidDataSourceAutoConfigure - Init DruidDataSource
2021-05-23 09:50:44.116 [restartedMain] INFO  com.alibaba.druid.pool.DruidDataSource - {dataSource-2} inited
2021-05-23 09:50:44.244 [restartedMain] INFO  o.s.scheduling.concurrent.ThreadPoolTaskExecutor - Initializing ExecutorService 'applicationTaskExecutor'
2021-05-23 09:50:44.267 [restartedMain] INFO  o.s.b.a.web.servlet.WelcomePageHandlerMapping - Adding welcome page template: index
2021-05-23 09:50:44.390 [restartedMain] INFO  o.s.b.d.autoconfigure.OptionalLiveReloadServer - LiveReload server is running on port 35729
2021-05-23 09:50:44.402 [restartedMain] INFO  org.apache.coyote.http11.Http11NioProtocol - Starting ProtocolHandler ["http-nio-8080"]
2021-05-23 09:50:44.405 [restartedMain] INFO  o.s.boot.web.embedded.tomcat.TomcatWebServer - Tomcat started on port(s): 8080 (http) with context path ''
2021-05-23 09:50:44.410 [restartedMain] INFO  com.example.demo.DemoApplication - Started DemoApplication in 0.618 seconds (JVM running for 1519.088)
2021-05-23 09:50:44.412 [restartedMain] INFO  o.s.b.d.a.ConditionEvaluationDeltaLoggingListener - Condition evaluation unchanged
2021-05-23 09:50:45.836 [Thread-8] INFO  o.s.scheduling.concurrent.ThreadPoolTaskExecutor - Shutting down ExecutorService 'applicationTaskExecutor'
2021-05-23 09:50:45.836 [Thread-8] INFO  com.alibaba.druid.pool.DruidDataSource - {dataSource-2} closing ...
2021-05-23 09:50:45.836 [Thread-8] INFO  com.alibaba.druid.pool.DruidDataSource - {dataSource-2} closed
2021-05-23 09:50:45.901 [restartedMain] INFO  com.example.demo.DemoApplication - Starting DemoApplication using Java 15.0.2 on LAPTOP-3LGAJ4HU with PID 7032 (D:\main\JavaCode\demo\target\classes started by TuQi in D:\main\JavaCode\demo)
2021-05-23 09:50:45.901 [restartedMain] INFO  com.example.demo.DemoApplication - No active profile set, falling back to default profiles: default
2021-05-23 09:50:46.049 [restartedMain] INFO  o.s.d.r.config.RepositoryConfigurationDelegate - Multiple Spring Data modules found, entering strict repository configuration mode!
2021-05-23 09:50:46.049 [restartedMain] INFO  o.s.d.r.config.RepositoryConfigurationDelegate - Bootstrapping Spring Data Redis repositories in DEFAULT mode.
2021-05-23 09:50:46.052 [restartedMain] INFO  o.s.d.r.config.RepositoryConfigurationDelegate - Finished Spring Data repository scanning in 2 ms. Found 0 Redis repository interfaces.
2021-05-23 09:50:46.126 [restartedMain] INFO  o.s.boot.web.embedded.tomcat.TomcatWebServer - Tomcat initialized with port(s): 8080 (http)
2021-05-23 09:50:46.127 [restartedMain] INFO  org.apache.coyote.http11.Http11NioProtocol - Initializing ProtocolHandler ["http-nio-8080"]
2021-05-23 09:50:46.127 [restartedMain] INFO  org.apache.catalina.core.StandardService - Starting service [Tomcat]
2021-05-23 09:50:46.127 [restartedMain] INFO  org.apache.catalina.core.StandardEngine - Starting Servlet engine: [Apache Tomcat/9.0.43]
2021-05-23 09:50:46.137 [restartedMain] INFO  o.a.c.core.ContainerBase.[Tomcat].[localhost].[/] - Initializing Spring embedded WebApplicationContext
2021-05-23 09:50:46.138 [restartedMain] INFO  o.s.b.w.s.c.ServletWebServerApplicationContext - Root WebApplicationContext: initialization completed in 233 ms
2021-05-23 09:50:46.194 [restartedMain] INFO  c.a.d.s.b.a.DruidDataSourceAutoConfigure - Init DruidDataSource
2021-05-23 09:50:46.203 [restartedMain] INFO  com.alibaba.druid.pool.DruidDataSource - {dataSource-3} inited
2021-05-23 09:50:46.312 [restartedMain] INFO  o.s.scheduling.concurrent.ThreadPoolTaskExecutor - Initializing ExecutorService 'applicationTaskExecutor'
2021-05-23 09:50:46.332 [restartedMain] INFO  o.s.b.a.web.servlet.WelcomePageHandlerMapping - Adding welcome page template: index
2021-05-23 09:50:46.440 [restartedMain] INFO  o.s.b.d.autoconfigure.OptionalLiveReloadServer - LiveReload server is running on port 35729
2021-05-23 09:50:46.450 [restartedMain] INFO  org.apache.coyote.http11.Http11NioProtocol - Starting ProtocolHandler ["http-nio-8080"]
2021-05-23 09:50:46.452 [restartedMain] INFO  o.s.boot.web.embedded.tomcat.TomcatWebServer - Tomcat started on port(s): 8080 (http) with context path ''
2021-05-23 09:50:46.455 [restartedMain] INFO  com.example.demo.DemoApplication - Started DemoApplication in 0.582 seconds (JVM running for 1521.134)
2021-05-23 09:50:46.456 [restartedMain] INFO  o.s.b.d.a.ConditionEvaluationDeltaLoggingListener - Condition evaluation unchanged
2021-05-23 09:50:48.588 [http-nio-8080-exec-1] INFO  o.a.c.core.ContainerBase.[Tomcat].[localhost].[/] - Initializing Spring DispatcherServlet 'dispatcherServlet'
2021-05-23 09:50:48.588 [http-nio-8080-exec-1] INFO  org.springframework.web.servlet.DispatcherServlet - Initializing Servlet 'dispatcherServlet'
2021-05-23 09:50:48.588 [http-nio-8080-exec-1] INFO  org.springframework.web.servlet.DispatcherServlet - Completed initialization in 0 ms
2021-05-23 09:50:48.600 [http-nio-8080-exec-1] INFO  com.example.demo.util.MyAspect - ResponseController#form 任务执行开始,args=[org.apache.catalina.connector.RequestFacade@6b87d55e]
2021-05-23 09:50:48.733 [http-nio-8080-exec-2] INFO  com.example.demo.util.MyAspect - DataSourceController#getUserInfo 任务执行开始,args=[org.apache.catalina.connector.RequestFacade@7f46401b]
2021-05-23 09:50:48.733 [http-nio-8080-exec-5] INFO  com.example.demo.util.MyAspect - DataSourceController#getNetworkTraffic 任务执行开始,args=[org.apache.catalina.connector.RequestFacade@5efae35b]
2021-05-23 09:50:51.155 [http-nio-8080-exec-10] INFO  com.example.demo.util.MyAspect - DataSourceController#userRechargeSubmit 任务执行开始,args=[org.apache.catalina.connector.RequestFacade@5efae35b, {rechargeAmount=800}]
2021-05-23 14:07:02.357 [Thread-13] INFO  o.s.scheduling.concurrent.ThreadPoolTaskExecutor - Shutting down ExecutorService 'applicationTaskExecutor'
2021-05-23 14:07:02.358 [Thread-13] INFO  com.alibaba.druid.pool.DruidDataSource - {dataSource-3} closing ...
2021-05-23 14:07:02.359 [Thread-13] INFO  com.alibaba.druid.pool.DruidDataSource - {dataSource-3} closed
2021-05-23 14:07:02.610 [restartedMain] INFO  com.example.demo.DemoApplication - Starting DemoApplication using Java 15.0.2 on LAPTOP-3LGAJ4HU with PID 7032 (D:\main\JavaCode\demo\target\classes started by TuQi in D:\main\JavaCode\demo)
2021-05-23 14:07:02.610 [restartedMain] INFO  com.example.demo.DemoApplication - No active profile set, falling back to default profiles: default
2021-05-23 14:07:02.775 [restartedMain] INFO  o.s.d.r.config.RepositoryConfigurationDelegate - Multiple Spring Data modules found, entering strict repository configuration mode!
2021-05-23 14:07:02.775 [restartedMain] INFO  o.s.d.r.config.RepositoryConfigurationDelegate - Bootstrapping Spring Data Redis repositories in DEFAULT mode.
2021-05-23 14:07:02.779 [restartedMain] INFO  o.s.d.r.config.RepositoryConfigurationDelegate - Finished Spring Data repository scanning in 3 ms. Found 0 Redis repository interfaces.
2021-05-23 14:07:02.915 [restartedMain] INFO  o.s.boot.web.embedded.tomcat.TomcatWebServer - Tomcat initialized with port(s): 8080 (http)
2021-05-23 14:07:02.916 [restartedMain] INFO  org.apache.coyote.http11.Http11NioProtocol - Initializing ProtocolHandler ["http-nio-8080"]
2021-05-23 14:07:02.916 [restartedMain] INFO  org.apache.catalina.core.StandardService - Starting service [Tomcat]
2021-05-23 14:07:02.916 [restartedMain] INFO  org.apache.catalina.core.StandardEngine - Starting Servlet engine: [Apache Tomcat/9.0.43]
2021-05-23 14:07:02.930 [restartedMain] INFO  o.a.c.core.ContainerBase.[Tomcat].[localhost].[/] - Initializing Spring embedded WebApplicationContext
2021-05-23 14:07:02.930 [restartedMain] INFO  o.s.b.w.s.c.ServletWebServerApplicationContext - Root WebApplicationContext: initialization completed in 318 ms
2021-05-23 14:07:03.033 [restartedMain] INFO  c.a.d.s.b.a.DruidDataSourceAutoConfigure - Init DruidDataSource
2021-05-23 14:07:03.045 [restartedMain] INFO  com.alibaba.druid.pool.DruidDataSource - {dataSource-4} inited
2021-05-23 14:07:03.188 [restartedMain] INFO  o.s.scheduling.concurrent.ThreadPoolTaskExecutor - Initializing ExecutorService 'applicationTaskExecutor'
2021-05-23 14:07:03.210 [restartedMain] INFO  o.s.b.a.web.servlet.WelcomePageHandlerMapping - Adding welcome page template: index
2021-05-23 14:07:03.335 [restartedMain] INFO  o.s.b.d.autoconfigure.OptionalLiveReloadServer - LiveReload server is running on port 35729
2021-05-23 14:07:03.346 [restartedMain] INFO  org.apache.coyote.http11.Http11NioProtocol - Starting ProtocolHandler ["http-nio-8080"]
2021-05-23 14:07:03.349 [restartedMain] INFO  o.s.boot.web.embedded.tomcat.TomcatWebServer - Tomcat started on port(s): 8080 (http) with context path ''
2021-05-23 14:07:03.352 [restartedMain] INFO  com.example.demo.DemoApplication - Started DemoApplication in 0.773 seconds (JVM running for 16898.031)
2021-05-23 14:07:03.353 [restartedMain] INFO  o.s.b.d.a.ConditionEvaluationDeltaLoggingListener - Condition evaluation unchanged
2021-05-23 14:07:04.797 [Thread-18] INFO  o.s.scheduling.concurrent.ThreadPoolTaskExecutor - Shutting down ExecutorService 'applicationTaskExecutor'
2021-05-23 14:07:04.798 [Thread-18] INFO  com.alibaba.druid.pool.DruidDataSource - {dataSource-4} closing ...
2021-05-23 14:07:04.798 [Thread-18] INFO  com.alibaba.druid.pool.DruidDataSource - {dataSource-4} closed
2021-05-23 14:07:04.869 [restartedMain] INFO  com.example.demo.DemoApplication - Starting DemoApplication using Java 15.0.2 on LAPTOP-3LGAJ4HU with PID 7032 (D:\main\JavaCode\demo\target\classes started by TuQi in D:\main\JavaCode\demo)
2021-05-23 14:07:04.869 [restartedMain] INFO  com.example.demo.DemoApplication - No active profile set, falling back to default profiles: default
2021-05-23 14:07:05.016 [restartedMain] INFO  o.s.d.r.config.RepositoryConfigurationDelegate - Multiple Spring Data modules found, entering strict repository configuration mode!
2021-05-23 14:07:05.016 [restartedMain] INFO  o.s.d.r.config.RepositoryConfigurationDelegate - Bootstrapping Spring Data Redis repositories in DEFAULT mode.
2021-05-23 14:07:05.018 [restartedMain] INFO  o.s.d.r.config.RepositoryConfigurationDelegate - Finished Spring Data repository scanning in 2 ms. Found 0 Redis repository interfaces.
2021-05-23 14:07:05.108 [restartedMain] INFO  o.s.boot.web.embedded.tomcat.TomcatWebServer - Tomcat initialized with port(s): 8080 (http)
2021-05-23 14:07:05.109 [restartedMain] INFO  org.apache.coyote.http11.Http11NioProtocol - Initializing ProtocolHandler ["http-nio-8080"]
2021-05-23 14:07:05.109 [restartedMain] INFO  org.apache.catalina.core.StandardService - Starting service [Tomcat]
2021-05-23 14:07:05.110 [restartedMain] INFO  org.apache.catalina.core.StandardEngine - Starting Servlet engine: [Apache Tomcat/9.0.43]
2021-05-23 14:07:05.126 [restartedMain] INFO  o.a.c.core.ContainerBase.[Tomcat].[localhost].[/] - Initializing Spring embedded WebApplicationContext
2021-05-23 14:07:05.126 [restartedMain] INFO  o.s.b.w.s.c.ServletWebServerApplicationContext - Root WebApplicationContext: initialization completed in 255 ms
2021-05-23 14:07:05.207 [restartedMain] INFO  c.a.d.s.b.a.DruidDataSourceAutoConfigure - Init DruidDataSource
2021-05-23 14:07:05.216 [restartedMain] INFO  com.alibaba.druid.pool.DruidDataSource - {dataSource-5} inited
2021-05-23 14:07:05.346 [restartedMain] INFO  o.s.scheduling.concurrent.ThreadPoolTaskExecutor - Initializing ExecutorService 'applicationTaskExecutor'
2021-05-23 14:07:05.371 [restartedMain] INFO  o.s.b.a.web.servlet.WelcomePageHandlerMapping - Adding welcome page template: index
2021-05-23 14:07:05.483 [restartedMain] INFO  o.s.b.d.autoconfigure.OptionalLiveReloadServer - LiveReload server is running on port 35729
2021-05-23 14:07:05.493 [restartedMain] INFO  org.apache.coyote.http11.Http11NioProtocol - Starting ProtocolHandler ["http-nio-8080"]
2021-05-23 14:07:05.496 [restartedMain] INFO  o.s.boot.web.embedded.tomcat.TomcatWebServer - Tomcat started on port(s): 8080 (http) with context path ''
2021-05-23 14:07:05.499 [restartedMain] INFO  com.example.demo.DemoApplication - Started DemoApplication in 0.656 seconds (JVM running for 16900.177)
2021-05-23 14:07:05.500 [restartedMain] INFO  o.s.b.d.a.ConditionEvaluationDeltaLoggingListener - Condition evaluation unchanged
2021-05-23 14:07:09.645 [http-nio-8080-exec-2] INFO  o.a.c.core.ContainerBase.[Tomcat].[localhost].[/] - Initializing Spring DispatcherServlet 'dispatcherServlet'
2021-05-23 14:07:09.645 [http-nio-8080-exec-2] INFO  org.springframework.web.servlet.DispatcherServlet - Initializing Servlet 'dispatcherServlet'
2021-05-23 14:07:09.646 [http-nio-8080-exec-2] INFO  org.springframework.web.servlet.DispatcherServlet - Completed initialization in 1 ms
2021-05-23 14:07:11.350 [http-nio-8080-exec-7] INFO  com.example.demo.util.MyAspect - ResponseController#form 任务执行开始,args=[org.apache.catalina.connector.RequestFacade@425a5fb1]
2021-05-23 14:07:11.695 [http-nio-8080-exec-4] INFO  com.example.demo.util.MyAspect - DataSourceController#getNetworkTraffic 任务执行开始,args=[org.apache.catalina.connector.RequestFacade@8a2a754]
2021-05-23 14:07:11.695 [http-nio-8080-exec-8] INFO  com.example.demo.util.MyAspect - DataSourceController#getUserInfo 任务执行开始,args=[org.apache.catalina.connector.RequestFacade@425a5fb1]
2021-05-23 14:07:14.591 [http-nio-8080-exec-5] INFO  com.example.demo.util.MyAspect - DataSourceController#userRechargeSubmit 任务执行开始,args=[org.apache.catalina.connector.RequestFacade@8a2a754, {rechargeAmount=80}]
2021-05-23 15:05:49.719 [restartedMain] INFO  com.example.demo.DemoApplication - Starting DemoApplication using Java 15.0.2 on LAPTOP-3LGAJ4HU with PID 14088 (D:\main\JavaCode\demo\target\classes started by TuQi in D:\main\JavaCode\demo)
2021-05-23 15:05:49.721 [restartedMain] INFO  com.example.demo.DemoApplication - No active profile set, falling back to default profiles: default
2021-05-23 15:05:49.754 [restartedMain] INFO  o.s.b.d.env.DevToolsPropertyDefaultsPostProcessor - Devtools property defaults active! Set 'spring.devtools.add-properties' to 'false' to disable
2021-05-23 15:05:49.754 [restartedMain] INFO  o.s.b.d.env.DevToolsPropertyDefaultsPostProcessor - For additional web related logging consider setting the 'logging.level.web' property to 'DEBUG'
2021-05-23 15:05:50.217 [restartedMain] INFO  o.s.d.r.config.RepositoryConfigurationDelegate - Multiple Spring Data modules found, entering strict repository configuration mode!
2021-05-23 15:05:50.218 [restartedMain] INFO  o.s.d.r.config.RepositoryConfigurationDelegate - Bootstrapping Spring Data Redis repositories in DEFAULT mode.
2021-05-23 15:05:50.232 [restartedMain] INFO  o.s.d.r.config.RepositoryConfigurationDelegate - Finished Spring Data repository scanning in 5 ms. Found 0 Redis repository interfaces.
2021-05-23 15:05:50.677 [restartedMain] INFO  o.s.boot.web.embedded.tomcat.TomcatWebServer - Tomcat initialized with port(s): 8080 (http)
2021-05-23 15:05:50.682 [restartedMain] INFO  org.apache.coyote.http11.Http11NioProtocol - Initializing ProtocolHandler ["http-nio-8080"]
2021-05-23 15:05:50.683 [restartedMain] INFO  org.apache.catalina.core.StandardService - Starting service [Tomcat]
2021-05-23 15:05:50.683 [restartedMain] INFO  org.apache.catalina.core.StandardEngine - Starting Servlet engine: [Apache Tomcat/9.0.43]
2021-05-23 15:05:50.725 [restartedMain] INFO  o.a.c.core.ContainerBase.[Tomcat].[localhost].[/] - Initializing Spring embedded WebApplicationContext
2021-05-23 15:05:50.726 [restartedMain] INFO  o.s.b.w.s.c.ServletWebServerApplicationContext - Root WebApplicationContext: initialization completed in 972 ms
2021-05-23 15:05:50.971 [restartedMain] INFO  c.a.d.s.b.a.DruidDataSourceAutoConfigure - Init DruidDataSource
2021-05-23 15:05:51.030 [restartedMain] INFO  com.alibaba.druid.pool.DruidDataSource - {dataSource-1} inited
2021-05-23 15:05:51.301 [restartedMain] INFO  o.s.scheduling.concurrent.ThreadPoolTaskExecutor - Initializing ExecutorService 'applicationTaskExecutor'
2021-05-23 15:05:51.356 [restartedMain] INFO  o.s.b.a.web.servlet.WelcomePageHandlerMapping - Adding welcome page template: index
2021-05-23 15:05:51.588 [restartedMain] INFO  o.s.b.d.autoconfigure.OptionalLiveReloadServer - LiveReload server is running on port 35729
2021-05-23 15:05:51.606 [restartedMain] INFO  org.apache.coyote.http11.Http11NioProtocol - Starting ProtocolHandler ["http-nio-8080"]
2021-05-23 15:05:51.622 [restartedMain] INFO  o.s.boot.web.embedded.tomcat.TomcatWebServer - Tomcat started on port(s): 8080 (http) with context path ''
2021-05-23 15:05:51.630 [restartedMain] INFO  com.example.demo.DemoApplication - Started DemoApplication in 2.179 seconds (JVM running for 2.81)
2021-05-23 15:05:57.122 [http-nio-8080-exec-2] INFO  o.a.c.core.ContainerBase.[Tomcat].[localhost].[/] - Initializing Spring DispatcherServlet 'dispatcherServlet'
2021-05-23 15:05:57.122 [http-nio-8080-exec-2] INFO  org.springframework.web.servlet.DispatcherServlet - Initializing Servlet 'dispatcherServlet'
2021-05-23 15:05:57.123 [http-nio-8080-exec-2] INFO  org.springframework.web.servlet.DispatcherServlet - Completed initialization in 1 ms
2021-05-23 15:05:57.356 [http-nio-8080-exec-2] INFO  com.example.demo.util.MyAspect - ResponseController#form 任务执行开始,args=[org.apache.catalina.connector.RequestFacade@69e6effb]
2021-05-23 15:05:57.684 [http-nio-8080-exec-4] INFO  com.example.demo.util.MyAspect - DataSourceController#getUserInfo 任务执行开始,args=[org.apache.catalina.connector.RequestFacade@71f8dd72]
2021-05-23 15:05:57.684 [http-nio-8080-exec-1] INFO  com.example.demo.util.MyAspect - DataSourceController#getNetworkTraffic 任务执行开始,args=[org.apache.catalina.connector.RequestFacade@2e4831ec]
2021-05-23 15:05:59.404 [http-nio-8080-exec-10] INFO  com.example.demo.util.MyAspect - ResponseController#form 任务执行开始,args=[org.apache.catalina.connector.RequestFacade@2e4831ec]
2021-05-23 15:05:59.514 [http-nio-8080-exec-5] INFO  com.example.demo.util.MyAspect - DataSourceController#getUserInfo 任务执行开始,args=[org.apache.catalina.connector.RequestFacade@1f512c9]
2021-05-23 15:05:59.515 [http-nio-8080-exec-2] INFO  com.example.demo.util.MyAspect - DataSourceController#getNetworkTraffic 任务执行开始,args=[org.apache.catalina.connector.RequestFacade@69e6effb]
2021-05-23 15:06:02.255 [http-nio-8080-exec-3] INFO  com.example.demo.util.MyAspect - ResponseController#logOut 任务执行开始,args=[org.apache.catalina.connector.RequestFacade@1f512c9]
2021-05-23 15:06:07.711 [http-nio-8080-exec-3] INFO  com.example.demo.util.MyAspect - ResponseController#login 任务执行开始,args=[User(id=null, userName=刘备, passWord=654321, phone=null, email=null, idCard=null, avatar=null, balance=null, type=null), org.apache.catalina.connector.RequestFacade@69e6effb]
2021-05-23 15:06:07.733 [http-nio-8080-exec-3] INFO  com.example.demo.service.impl.UserServiceImpl - UserServiceImpl#login ipAddress : 0:0:0:0:0:0:0:1
2021-05-23 15:06:09.156 [http-nio-8080-exec-2] INFO  com.example.demo.util.MyAspect - ResponseController#form 任务执行开始,args=[org.apache.catalina.connector.RequestFacade@2a3e3b45]
2021-05-23 15:06:09.253 [http-nio-8080-exec-5] INFO  com.example.demo.util.MyAspect - DataSourceController#getUserInfo 任务执行开始,args=[org.apache.catalina.connector.RequestFacade@2e4831ec]
2021-05-23 15:06:09.253 [http-nio-8080-exec-4] INFO  com.example.demo.util.MyAspect - DataSourceController#getNetworkTraffic 任务执行开始,args=[org.apache.catalina.connector.RequestFacade@32650a0c]
2021-05-23 15:06:12.730 [http-nio-8080-exec-5] INFO  com.example.demo.util.MyAspect - ResponseController#form 任务执行开始,args=[org.apache.catalina.connector.RequestFacade@2a3e3b45]
2021-05-23 15:06:12.817 [http-nio-8080-exec-6] INFO  com.example.demo.util.MyAspect - DataSourceController#getUserInfo 任务执行开始,args=[org.apache.catalina.connector.RequestFacade@32650a0c]
2021-05-23 15:06:12.817 [http-nio-8080-exec-3] INFO  com.example.demo.util.MyAspect - DataSourceController#getNetworkTraffic 任务执行开始,args=[org.apache.catalina.connector.RequestFacade@71f8dd72]
2021-05-23 15:06:17.075 [http-nio-8080-exec-5] INFO  com.example.demo.util.MyAspect - ResponseController#form 任务执行开始,args=[org.apache.catalina.connector.RequestFacade@71f8dd72]
2021-05-23 15:06:17.167 [http-nio-8080-exec-10] INFO  com.example.demo.util.MyAspect - DataSourceController#getNetworkTraffic 任务执行开始,args=[org.apache.catalina.connector.RequestFacade@2a3e3b45]
2021-05-23 15:06:17.167 [http-nio-8080-exec-7] INFO  com.example.demo.util.MyAspect - DataSourceController#getUserInfo 任务执行开始,args=[org.apache.catalina.connector.RequestFacade@69e6effb]
2021-05-23 15:06:18.246 [http-nio-8080-exec-1] INFO  com.example.demo.util.MyAspect - ResponseController#table 任务执行开始,args=[org.apache.catalina.session.StandardSessionFacade@4c4fae4d]
2021-05-23 15:06:18.261 [http-nio-8080-exec-1] INFO  com.example.demo.controller.ResponseController - [{"createTime":1621694652000,"id":1,"userName":"刘备"},{"id":2,"userName":"刘备"},{"id":3,"userName":"刘备"},{"id":4,"type":1,"userName":"刘备"},{"createTime":1621750035000,"id":5,"rechargeAmount":80,"type":1,"userName":"刘备"},{"costData":-1705611201,"id":6,"signIn":1621677822000,"signOut":1621753563000,"userName":"刘备"}]
2021-05-23 15:06:18.350 [http-nio-8080-exec-3] INFO  com.example.demo.util.MyAspect - DataSourceController#getRecords 任务执行开始,args=[org.apache.catalina.connector.RequestFacade@69e6effb, 1, 10]
2021-05-23 15:06:58.896 [http-nio-8080-exec-10] INFO  com.example.demo.util.MyAspect - ResponseController#table 任务执行开始,args=[org.apache.catalina.session.StandardSessionFacade@4c4fae4d]
2021-05-23 15:06:58.899 [http-nio-8080-exec-10] INFO  com.example.demo.controller.ResponseController - [{"createTime":1621694652000,"id":1,"userName":"刘备"},{"id":2,"userName":"刘备"},{"id":3,"userName":"刘备"},{"id":4,"type":1,"userName":"刘备"},{"createTime":1621750035000,"id":5,"rechargeAmount":80,"type":1,"userName":"刘备"},{"costData":-1705611201,"id":6,"signIn":1621677822000,"signOut":1621753563000,"userName":"刘备"}]
2021-05-23 15:06:58.999 [http-nio-8080-exec-1] INFO  com.example.demo.util.MyAspect - DataSourceController#getRecords 任务执行开始,args=[org.apache.catalina.connector.RequestFacade@1f512c9, 1, 10]
2021-05-23 15:07:40.293 [Thread-5] INFO  o.s.scheduling.concurrent.ThreadPoolTaskExecutor - Shutting down ExecutorService 'applicationTaskExecutor'
2021-05-23 15:07:40.293 [Thread-5] INFO  com.alibaba.druid.pool.DruidDataSource - {dataSource-1} closing ...
2021-05-23 15:07:40.296 [Thread-5] INFO  com.alibaba.druid.pool.DruidDataSource - {dataSource-1} closed
2021-05-23 15:07:40.487 [restartedMain] INFO  com.example.demo.DemoApplication - Starting DemoApplication using Java 15.0.2 on LAPTOP-3LGAJ4HU with PID 14088 (D:\main\JavaCode\demo\target\classes started by TuQi in D:\main\JavaCode\demo)
2021-05-23 15:07:40.487 [restartedMain] INFO  com.example.demo.DemoApplication - No active profile set, falling back to default profiles: default
2021-05-23 15:07:40.614 [restartedMain] INFO  o.s.d.r.config.RepositoryConfigurationDelegate - Multiple Spring Data modules found, entering strict repository configuration mode!
2021-05-23 15:07:40.614 [restartedMain] INFO  o.s.d.r.config.RepositoryConfigurationDelegate - Bootstrapping Spring Data Redis repositories in DEFAULT mode.
2021-05-23 15:07:40.617 [restartedMain] INFO  o.s.d.r.config.RepositoryConfigurationDelegate - Finished Spring Data repository scanning in 2 ms. Found 0 Redis repository interfaces.
2021-05-23 15:07:40.710 [restartedMain] INFO  o.s.boot.web.embedded.tomcat.TomcatWebServer - Tomcat initialized with port(s): 8080 (http)
2021-05-23 15:07:40.710 [restartedMain] INFO  org.apache.coyote.http11.Http11NioProtocol - Initializing ProtocolHandler ["http-nio-8080"]
2021-05-23 15:07:40.711 [restartedMain] INFO  org.apache.catalina.core.StandardService - Starting service [Tomcat]
2021-05-23 15:07:40.711 [restartedMain] INFO  org.apache.catalina.core.StandardEngine - Starting Servlet engine: [Apache Tomcat/9.0.43]
2021-05-23 15:07:40.723 [restartedMain] INFO  o.a.c.core.ContainerBase.[Tomcat].[localhost].[/] - Initializing Spring embedded WebApplicationContext
2021-05-23 15:07:40.723 [restartedMain] INFO  o.s.b.w.s.c.ServletWebServerApplicationContext - Root WebApplicationContext: initialization completed in 234 ms
2021-05-23 15:07:40.783 [restartedMain] INFO  c.a.d.s.b.a.DruidDataSourceAutoConfigure - Init DruidDataSource
2021-05-23 15:07:40.791 [restartedMain] INFO  com.alibaba.druid.pool.DruidDataSource - {dataSource-2} inited
2021-05-23 15:07:40.912 [restartedMain] INFO  o.s.scheduling.concurrent.ThreadPoolTaskExecutor - Initializing ExecutorService 'applicationTaskExecutor'
2021-05-23 15:07:40.936 [restartedMain] INFO  o.s.b.a.web.servlet.WelcomePageHandlerMapping - Adding welcome page template: index
2021-05-23 15:07:41.059 [restartedMain] INFO  o.s.b.d.autoconfigure.OptionalLiveReloadServer - LiveReload server is running on port 35729
2021-05-23 15:07:41.070 [restartedMain] INFO  org.apache.coyote.http11.Http11NioProtocol - Starting ProtocolHandler ["http-nio-8080"]
2021-05-23 15:07:41.073 [restartedMain] INFO  o.s.boot.web.embedded.tomcat.TomcatWebServer - Tomcat started on port(s): 8080 (http) with context path ''
2021-05-23 15:07:41.076 [restartedMain] INFO  com.example.demo.DemoApplication - Started DemoApplication in 0.621 seconds (JVM running for 112.255)
2021-05-23 15:07:41.077 [restartedMain] INFO  o.s.b.d.a.ConditionEvaluationDeltaLoggingListener - Condition evaluation unchanged
2021-05-23 15:07:42.502 [Thread-8] INFO  o.s.scheduling.concurrent.ThreadPoolTaskExecutor - Shutting down ExecutorService 'applicationTaskExecutor'
2021-05-23 15:07:42.502 [Thread-8] INFO  com.alibaba.druid.pool.DruidDataSource - {dataSource-2} closing ...
2021-05-23 15:07:42.502 [Thread-8] INFO  com.alibaba.druid.pool.DruidDataSource - {dataSource-2} closed
2021-05-23 15:07:42.566 [restartedMain] INFO  com.example.demo.DemoApplication - Starting DemoApplication using Java 15.0.2 on LAPTOP-3LGAJ4HU with PID 14088 (D:\main\JavaCode\demo\target\classes started by TuQi in D:\main\JavaCode\demo)
2021-05-23 15:07:42.566 [restartedMain] INFO  com.example.demo.DemoApplication - No active profile set, falling back to default profiles: default
2021-05-23 15:07:42.677 [restartedMain] INFO  o.s.d.r.config.RepositoryConfigurationDelegate - Multiple Spring Data modules found, entering strict repository configuration mode!
2021-05-23 15:07:42.677 [restartedMain] INFO  o.s.d.r.config.RepositoryConfigurationDelegate - Bootstrapping Spring Data Redis repositories in DEFAULT mode.
2021-05-23 15:07:42.679 [restartedMain] INFO  o.s.d.r.config.RepositoryConfigurationDelegate - Finished Spring Data repository scanning in 2 ms. Found 0 Redis repository interfaces.
2021-05-23 15:07:42.813 [restartedMain] INFO  o.s.boot.web.embedded.tomcat.TomcatWebServer - Tomcat initialized with port(s): 8080 (http)
2021-05-23 15:07:42.814 [restartedMain] INFO  org.apache.coyote.http11.Http11NioProtocol - Initializing ProtocolHandler ["http-nio-8080"]
2021-05-23 15:07:42.814 [restartedMain] INFO  org.apache.catalina.core.StandardService - Starting service [Tomcat]
2021-05-23 15:07:42.814 [restartedMain] INFO  org.apache.catalina.core.StandardEngine - Starting Servlet engine: [Apache Tomcat/9.0.43]
2021-05-23 15:07:42.825 [restartedMain] INFO  o.a.c.core.ContainerBase.[Tomcat].[localhost].[/] - Initializing Spring embedded WebApplicationContext
2021-05-23 15:07:42.826 [restartedMain] INFO  o.s.b.w.s.c.ServletWebServerApplicationContext - Root WebApplicationContext: initialization completed in 258 ms
2021-05-23 15:07:42.902 [restartedMain] INFO  c.a.d.s.b.a.DruidDataSourceAutoConfigure - Init DruidDataSource
2021-05-23 15:07:42.913 [restartedMain] INFO  com.alibaba.druid.pool.DruidDataSource - {dataSource-3} inited
2021-05-23 15:07:43.075 [restartedMain] INFO  o.s.scheduling.concurrent.ThreadPoolTaskExecutor - Initializing ExecutorService 'applicationTaskExecutor'
2021-05-23 15:07:43.100 [restartedMain] INFO  o.s.b.a.web.servlet.WelcomePageHandlerMapping - Adding welcome page template: index
2021-05-23 15:07:43.246 [restartedMain] INFO  o.s.b.d.autoconfigure.OptionalLiveReloadServer - LiveReload server is running on port 35729
2021-05-23 15:07:43.260 [restartedMain] INFO  org.apache.coyote.http11.Http11NioProtocol - Starting ProtocolHandler ["http-nio-8080"]
2021-05-23 15:07:43.263 [restartedMain] INFO  o.s.boot.web.embedded.tomcat.TomcatWebServer - Tomcat started on port(s): 8080 (http) with context path ''
2021-05-23 15:07:43.267 [restartedMain] INFO  com.example.demo.DemoApplication - Started DemoApplication in 0.725 seconds (JVM running for 114.447)
2021-05-23 15:07:43.268 [restartedMain] INFO  o.s.b.d.a.ConditionEvaluationDeltaLoggingListener - Condition evaluation unchanged
2021-05-23 15:09:45.507 [restartedMain] INFO  com.example.demo.DemoApplication - Starting DemoApplication using Java 15.0.2 on LAPTOP-3LGAJ4HU with PID 18692 (D:\main\JavaCode\demo\target\classes started by TuQi in D:\main\JavaCode\demo)
2021-05-23 15:09:45.509 [restartedMain] INFO  com.example.demo.DemoApplication - No active profile set, falling back to default profiles: default
2021-05-23 15:09:45.540 [restartedMain] INFO  o.s.b.d.env.DevToolsPropertyDefaultsPostProcessor - Devtools property defaults active! Set 'spring.devtools.add-properties' to 'false' to disable
2021-05-23 15:09:45.540 [restartedMain] INFO  o.s.b.d.env.DevToolsPropertyDefaultsPostProcessor - For additional web related logging consider setting the 'logging.level.web' property to 'DEBUG'
2021-05-23 15:09:46.002 [restartedMain] INFO  o.s.d.r.config.RepositoryConfigurationDelegate - Multiple Spring Data modules found, entering strict repository configuration mode!
2021-05-23 15:09:46.004 [restartedMain] INFO  o.s.d.r.config.RepositoryConfigurationDelegate - Bootstrapping Spring Data Redis repositories in DEFAULT mode.
2021-05-23 15:09:46.030 [restartedMain] INFO  o.s.d.r.config.RepositoryConfigurationDelegate - Finished Spring Data repository scanning in 6 ms. Found 0 Redis repository interfaces.
2021-05-23 15:09:46.544 [restartedMain] INFO  o.s.boot.web.embedded.tomcat.TomcatWebServer - Tomcat initialized with port(s): 8080 (http)
2021-05-23 15:09:46.551 [restartedMain] INFO  org.apache.coyote.http11.Http11NioProtocol - Initializing ProtocolHandler ["http-nio-8080"]
2021-05-23 15:09:46.551 [restartedMain] INFO  org.apache.catalina.core.StandardService - Starting service [Tomcat]
2021-05-23 15:09:46.552 [restartedMain] INFO  org.apache.catalina.core.StandardEngine - Starting Servlet engine: [Apache Tomcat/9.0.43]
2021-05-23 15:09:46.600 [restartedMain] INFO  o.a.c.core.ContainerBase.[Tomcat].[localhost].[/] - Initializing Spring embedded WebApplicationContext
2021-05-23 15:09:46.600 [restartedMain] INFO  o.s.b.w.s.c.ServletWebServerApplicationContext - Root WebApplicationContext: initialization completed in 1060 ms
2021-05-23 15:09:46.891 [restartedMain] INFO  c.a.d.s.b.a.DruidDataSourceAutoConfigure - Init DruidDataSource
2021-05-23 15:09:46.959 [restartedMain] INFO  com.alibaba.druid.pool.DruidDataSource - {dataSource-1} inited
2021-05-23 15:09:47.226 [restartedMain] INFO  o.s.scheduling.concurrent.ThreadPoolTaskExecutor - Initializing ExecutorService 'applicationTaskExecutor'
2021-05-23 15:09:47.286 [restartedMain] INFO  o.s.b.a.web.servlet.WelcomePageHandlerMapping - Adding welcome page template: index
2021-05-23 15:09:47.523 [restartedMain] INFO  o.s.b.d.autoconfigure.OptionalLiveReloadServer - LiveReload server is running on port 35729
2021-05-23 15:09:47.542 [restartedMain] INFO  org.apache.coyote.http11.Http11NioProtocol - Starting ProtocolHandler ["http-nio-8080"]
2021-05-23 15:09:47.557 [restartedMain] INFO  o.s.boot.web.embedded.tomcat.TomcatWebServer - Tomcat started on port(s): 8080 (http) with context path ''
2021-05-23 15:09:47.566 [restartedMain] INFO  com.example.demo.DemoApplication - Started DemoApplication in 2.322 seconds (JVM running for 2.973)
2021-05-23 15:09:49.899 [http-nio-8080-exec-1] INFO  o.a.c.core.ContainerBase.[Tomcat].[localhost].[/] - Initializing Spring DispatcherServlet 'dispatcherServlet'
2021-05-23 15:09:49.899 [http-nio-8080-exec-1] INFO  org.springframework.web.servlet.DispatcherServlet - Initializing Servlet 'dispatcherServlet'
2021-05-23 15:09:49.899 [http-nio-8080-exec-1] INFO  org.springframework.web.servlet.DispatcherServlet - Completed initialization in 0 ms
2021-05-23 15:09:50.151 [http-nio-8080-exec-1] INFO  com.example.demo.util.MyAspect - ResponseController#table 任务执行开始,args=[org.apache.catalina.session.StandardSessionFacade@34c2c0d3]
2021-05-23 15:09:50.449 [http-nio-8080-exec-2] INFO  com.example.demo.util.MyAspect - DataSourceController#getRecords 任务执行开始,args=[org.apache.catalina.connector.RequestFacade@6f2d51e7, 1, 10]
2021-05-23 15:09:51.343 [http-nio-8080-exec-1] INFO  com.example.demo.util.MyAspect - ResponseController#form 任务执行开始,args=[org.apache.catalina.connector.RequestFacade@6f2d51e7]
2021-05-23 15:09:51.440 [http-nio-8080-exec-9] INFO  com.example.demo.util.MyAspect - DataSourceController#getUserInfo 任务执行开始,args=[org.apache.catalina.connector.RequestFacade@1bc671b9]
2021-05-23 15:09:51.440 [http-nio-8080-exec-6] INFO  com.example.demo.util.MyAspect - DataSourceController#getNetworkTraffic 任务执行开始,args=[org.apache.catalina.connector.RequestFacade@1f512c9]
2021-05-23 15:09:52.143 [http-nio-8080-exec-5] INFO  com.example.demo.util.MyAspect - ResponseController#table 任务执行开始,args=[org.apache.catalina.session.StandardSessionFacade@34c2c0d3]
2021-05-23 15:09:52.230 [http-nio-8080-exec-3] INFO  com.example.demo.util.MyAspect - DataSourceController#getRecords 任务执行开始,args=[org.apache.catalina.connector.RequestFacade@1f512c9, 1, 10]
2021-05-23 15:12:52.085 [restartedMain] INFO  com.example.demo.DemoApplication - Starting DemoApplication using Java 15.0.2 on LAPTOP-3LGAJ4HU with PID 16064 (D:\main\JavaCode\demo\target\classes started by TuQi in D:\main\JavaCode\demo)
2021-05-23 15:12:52.087 [restartedMain] INFO  com.example.demo.DemoApplication - No active profile set, falling back to default profiles: default
2021-05-23 15:12:52.116 [restartedMain] INFO  o.s.b.d.env.DevToolsPropertyDefaultsPostProcessor - Devtools property defaults active! Set 'spring.devtools.add-properties' to 'false' to disable
2021-05-23 15:12:52.116 [restartedMain] INFO  o.s.b.d.env.DevToolsPropertyDefaultsPostProcessor - For additional web related logging consider setting the 'logging.level.web' property to 'DEBUG'
2021-05-23 15:12:52.583 [restartedMain] INFO  o.s.d.r.config.RepositoryConfigurationDelegate - Multiple Spring Data modules found, entering strict repository configuration mode!
2021-05-23 15:12:52.584 [restartedMain] INFO  o.s.d.r.config.RepositoryConfigurationDelegate - Bootstrapping Spring Data Redis repositories in DEFAULT mode.
2021-05-23 15:12:52.601 [restartedMain] INFO  o.s.d.r.config.RepositoryConfigurationDelegate - Finished Spring Data repository scanning in 6 ms. Found 0 Redis repository interfaces.
2021-05-23 15:12:53.129 [restartedMain] INFO  o.s.boot.web.embedded.tomcat.TomcatWebServer - Tomcat initialized with port(s): 8080 (http)
2021-05-23 15:12:53.136 [restartedMain] INFO  org.apache.coyote.http11.Http11NioProtocol - Initializing ProtocolHandler ["http-nio-8080"]
2021-05-23 15:12:53.136 [restartedMain] INFO  org.apache.catalina.core.StandardService - Starting service [Tomcat]
2021-05-23 15:12:53.137 [restartedMain] INFO  org.apache.catalina.core.StandardEngine - Starting Servlet engine: [Apache Tomcat/9.0.43]
2021-05-23 15:12:53.183 [restartedMain] INFO  o.a.c.core.ContainerBase.[Tomcat].[localhost].[/] - Initializing Spring embedded WebApplicationContext
2021-05-23 15:12:53.183 [restartedMain] INFO  o.s.b.w.s.c.ServletWebServerApplicationContext - Root WebApplicationContext: initialization completed in 1066 ms
2021-05-23 15:12:53.459 [restartedMain] INFO  c.a.d.s.b.a.DruidDataSourceAutoConfigure - Init DruidDataSource
2021-05-23 15:12:53.516 [restartedMain] INFO  com.alibaba.druid.pool.DruidDataSource - {dataSource-1} inited
2021-05-23 15:12:53.771 [restartedMain] INFO  o.s.scheduling.concurrent.ThreadPoolTaskExecutor - Initializing ExecutorService 'applicationTaskExecutor'
2021-05-23 15:12:53.831 [restartedMain] INFO  o.s.b.a.web.servlet.WelcomePageHandlerMapping - Adding welcome page template: index
2021-05-23 15:12:54.056 [restartedMain] INFO  o.s.b.d.autoconfigure.OptionalLiveReloadServer - LiveReload server is running on port 35729
2021-05-23 15:12:54.074 [restartedMain] INFO  org.apache.coyote.http11.Http11NioProtocol - Starting ProtocolHandler ["http-nio-8080"]
2021-05-23 15:12:54.089 [restartedMain] INFO  o.s.boot.web.embedded.tomcat.TomcatWebServer - Tomcat started on port(s): 8080 (http) with context path ''
2021-05-23 15:12:54.097 [restartedMain] INFO  com.example.demo.DemoApplication - Started DemoApplication in 2.277 seconds (JVM running for 2.823)
2021-05-23 15:13:01.032 [Thread-5] INFO  o.s.scheduling.concurrent.ThreadPoolTaskExecutor - Shutting down ExecutorService 'applicationTaskExecutor'
2021-05-23 15:13:01.033 [Thread-5] INFO  com.alibaba.druid.pool.DruidDataSource - {dataSource-1} closing ...
2021-05-23 15:13:01.034 [Thread-5] INFO  com.alibaba.druid.pool.DruidDataSource - {dataSource-1} closed
2021-05-23 15:13:01.113 [restartedMain] INFO  com.example.demo.DemoApplication - Starting DemoApplication using Java 15.0.2 on LAPTOP-3LGAJ4HU with PID 16064 (D:\main\JavaCode\demo\target\classes started by TuQi in D:\main\JavaCode\demo)
2021-05-23 15:13:01.113 [restartedMain] INFO  com.example.demo.DemoApplication - No active profile set, falling back to default profiles: default
2021-05-23 15:13:01.248 [restartedMain] INFO  o.s.d.r.config.RepositoryConfigurationDelegate - Multiple Spring Data modules found, entering strict repository configuration mode!
2021-05-23 15:13:01.248 [restartedMain] INFO  o.s.d.r.config.RepositoryConfigurationDelegate - Bootstrapping Spring Data Redis repositories in DEFAULT mode.
2021-05-23 15:13:01.251 [restartedMain] INFO  o.s.d.r.config.RepositoryConfigurationDelegate - Finished Spring Data repository scanning in 2 ms. Found 0 Redis repository interfaces.
2021-05-23 15:13:01.346 [restartedMain] INFO  o.s.boot.web.embedded.tomcat.TomcatWebServer - Tomcat initialized with port(s): 8080 (http)
2021-05-23 15:13:01.347 [restartedMain] INFO  org.apache.coyote.http11.Http11NioProtocol - Initializing ProtocolHandler ["http-nio-8080"]
2021-05-23 15:13:01.347 [restartedMain] INFO  org.apache.catalina.core.StandardService - Starting service [Tomcat]
2021-05-23 15:13:01.347 [restartedMain] INFO  org.apache.catalina.core.StandardEngine - Starting Servlet engine: [Apache Tomcat/9.0.43]
2021-05-23 15:13:01.360 [restartedMain] INFO  o.a.c.core.ContainerBase.[Tomcat].[localhost].[/] - Initializing Spring embedded WebApplicationContext
2021-05-23 15:13:01.360 [restartedMain] INFO  o.s.b.w.s.c.ServletWebServerApplicationContext - Root WebApplicationContext: initialization completed in 244 ms
2021-05-23 15:13:01.415 [restartedMain] INFO  c.a.d.s.b.a.DruidDataSourceAutoConfigure - Init DruidDataSource
2021-05-23 15:13:01.425 [restartedMain] INFO  com.alibaba.druid.pool.DruidDataSource - {dataSource-2} inited
2021-05-23 15:13:01.548 [restartedMain] INFO  o.s.scheduling.concurrent.ThreadPoolTaskExecutor - Initializing ExecutorService 'applicationTaskExecutor'
2021-05-23 15:13:01.571 [restartedMain] INFO  o.s.b.a.web.servlet.WelcomePageHandlerMapping - Adding welcome page template: index
2021-05-23 15:13:01.684 [restartedMain] INFO  o.s.b.d.autoconfigure.OptionalLiveReloadServer - LiveReload server is running on port 35729
2021-05-23 15:13:01.695 [restartedMain] INFO  org.apache.coyote.http11.Http11NioProtocol - Starting ProtocolHandler ["http-nio-8080"]
2021-05-23 15:13:01.698 [restartedMain] INFO  o.s.boot.web.embedded.tomcat.TomcatWebServer - Tomcat started on port(s): 8080 (http) with context path ''
2021-05-23 15:13:01.702 [restartedMain] INFO  com.example.demo.DemoApplication - Started DemoApplication in 0.615 seconds (JVM running for 10.428)
2021-05-23 15:13:01.703 [restartedMain] INFO  o.s.b.d.a.ConditionEvaluationDeltaLoggingListener - Condition evaluation unchanged
2021-05-23 15:13:01.847 [http-nio-8080-exec-1] INFO  o.a.c.core.ContainerBase.[Tomcat].[localhost].[/] - Initializing Spring DispatcherServlet 'dispatcherServlet'
2021-05-23 15:13:01.847 [http-nio-8080-exec-1] INFO  org.springframework.web.servlet.DispatcherServlet - Initializing Servlet 'dispatcherServlet'
2021-05-23 15:13:01.848 [http-nio-8080-exec-1] INFO  org.springframework.web.servlet.DispatcherServlet - Completed initialization in 1 ms
2021-05-23 15:13:02.085 [http-nio-8080-exec-1] INFO  com.example.demo.util.MyAspect - ResponseController#table 任务执行开始,args=[org.apache.catalina.session.StandardSessionFacade@6967ba2]
2021-05-23 15:13:02.388 [http-nio-8080-exec-6] INFO  com.example.demo.util.MyAspect - DataSourceController#getRecords 任务执行开始,args=[org.apache.catalina.connector.RequestFacade@1acc0892, 1, 10]
2021-05-23 15:13:03.412 [http-nio-8080-exec-1] INFO  com.example.demo.util.MyAspect - ResponseController#form 任务执行开始,args=[org.apache.catalina.connector.RequestFacade@1acc0892]
2021-05-23 15:13:03.512 [http-nio-8080-exec-9] INFO  com.example.demo.util.MyAspect - DataSourceController#getNetworkTraffic 任务执行开始,args=[org.apache.catalina.connector.RequestFacade@631bfebf]
2021-05-23 15:13:03.512 [http-nio-8080-exec-7] INFO  com.example.demo.util.MyAspect - DataSourceController#getUserInfo 任务执行开始,args=[org.apache.catalina.connector.RequestFacade@238df05e]
2021-05-23 15:13:06.643 [http-nio-8080-exec-5] INFO  com.example.demo.util.MyAspect - ResponseController#logOut 任务执行开始,args=[org.apache.catalina.connector.RequestFacade@631bfebf]
2021-05-23 15:13:11.909 [http-nio-8080-exec-5] INFO  com.example.demo.util.MyAspect - ResponseController#login 任务执行开始,args=[User(id=null, userName=刘备, passWord=654321, phone=null, email=null, idCard=null, avatar=null, balance=null, type=null), org.apache.catalina.connector.RequestFacade@176531ae]
2021-05-23 15:13:11.913 [http-nio-8080-exec-5] INFO  com.example.demo.service.impl.UserServiceImpl - UserServiceImpl#login ipAddress : 0:0:0:0:0:0:0:1
2021-05-23 15:13:13.286 [http-nio-8080-exec-2] INFO  com.example.demo.util.MyAspect - ResponseController#form 任务执行开始,args=[org.apache.catalina.connector.RequestFacade@1acc0892]
2021-05-23 15:13:13.379 [http-nio-8080-exec-1] INFO  com.example.demo.util.MyAspect - DataSourceController#getUserInfo 任务执行开始,args=[org.apache.catalina.connector.RequestFacade@2c2a9e45]
2021-05-23 15:13:13.379 [http-nio-8080-exec-8] INFO  com.example.demo.util.MyAspect - DataSourceController#getNetworkTraffic 任务执行开始,args=[org.apache.catalina.connector.RequestFacade@176531ae]
2021-05-23 15:13:14.051 [http-nio-8080-exec-2] INFO  com.example.demo.util.MyAspect - ResponseController#table 任务执行开始,args=[org.apache.catalina.session.StandardSessionFacade@6967ba2]
2021-05-23 15:13:14.134 [http-nio-8080-exec-10] INFO  com.example.demo.util.MyAspect - DataSourceController#getRecords 任务执行开始,args=[org.apache.catalina.connector.RequestFacade@4dd220ba, 1, 10]
2021-05-23 15:13:18.289 [http-nio-8080-exec-2] INFO  com.example.demo.util.MyAspect - ResponseController#form 任务执行开始,args=[org.apache.catalina.connector.RequestFacade@4dd220ba]
2021-05-23 15:13:18.374 [http-nio-8080-exec-4] INFO  com.example.demo.util.MyAspect - DataSourceController#getUserInfo 任务执行开始,args=[org.apache.catalina.connector.RequestFacade@1acc0892]
2021-05-23 15:13:18.374 [http-nio-8080-exec-8] INFO  com.example.demo.util.MyAspect - DataSourceController#getNetworkTraffic 任务执行开始,args=[org.apache.catalina.connector.RequestFacade@2c2a9e45]
