2021-05-20 09:26:25.504 [restartedMain] INFO  com.example.demo.DemoApplication - Starting DemoApplication using Java 15.0.2 on LAPTOP-3LGAJ4HU with PID 14972 (D:\main\JavaCode\demo\target\classes started by TuQi in D:\main\JavaCode\demo)
2021-05-20 09:26:25.506 [restartedMain] INFO  com.example.demo.DemoApplication - No active profile set, falling back to default profiles: default
2021-05-20 09:26:25.538 [restartedMain] INFO  o.s.b.d.env.DevToolsPropertyDefaultsPostProcessor - Devtools property defaults active! Set 'spring.devtools.add-properties' to 'false' to disable
2021-05-20 09:26:25.538 [restartedMain] INFO  o.s.b.d.env.DevToolsPropertyDefaultsPostProcessor - For additional web related logging consider setting the 'logging.level.web' property to 'DEBUG'
2021-05-20 09:26:26.002 [restartedMain] INFO  o.s.d.r.config.RepositoryConfigurationDelegate - Multiple Spring Data modules found, entering strict repository configuration mode!
2021-05-20 09:26:26.004 [restartedMain] INFO  o.s.d.r.config.RepositoryConfigurationDelegate - Bootstrapping Spring Data Redis repositories in DEFAULT mode.
2021-05-20 09:26:26.029 [restartedMain] INFO  o.s.d.r.config.RepositoryConfigurationDelegate - Finished Spring Data repository scanning in 7 ms. Found 0 Redis repository interfaces.
2021-05-20 09:26:26.503 [restartedMain] INFO  o.s.boot.web.embedded.tomcat.TomcatWebServer - Tomcat initialized with port(s): 8080 (http)
2021-05-20 09:26:26.510 [restartedMain] INFO  org.apache.coyote.http11.Http11NioProtocol - Initializing ProtocolHandler ["http-nio-8080"]
2021-05-20 09:26:26.511 [restartedMain] INFO  org.apache.catalina.core.StandardService - Starting service [Tomcat]
2021-05-20 09:26:26.511 [restartedMain] INFO  org.apache.catalina.core.StandardEngine - Starting Servlet engine: [Apache Tomcat/9.0.43]
2021-05-20 09:26:26.554 [restartedMain] INFO  o.a.c.core.ContainerBase.[Tomcat].[localhost].[/] - Initializing Spring embedded WebApplicationContext
2021-05-20 09:26:26.555 [restartedMain] INFO  o.s.b.w.s.c.ServletWebServerApplicationContext - Root WebApplicationContext: initialization completed in 1010 ms
2021-05-20 09:26:26.794 [restartedMain] INFO  c.a.d.s.b.a.DruidDataSourceAutoConfigure - Init DruidDataSource
2021-05-20 09:26:26.855 [restartedMain] INFO  com.alibaba.druid.pool.DruidDataSource - {dataSource-1} inited
2021-05-20 09:26:27.142 [restartedMain] INFO  o.s.scheduling.concurrent.ThreadPoolTaskExecutor - Initializing ExecutorService 'applicationTaskExecutor'
2021-05-20 09:26:27.200 [restartedMain] INFO  o.s.b.a.web.servlet.WelcomePageHandlerMapping - Adding welcome page template: index
2021-05-20 09:26:27.434 [restartedMain] INFO  o.s.b.d.autoconfigure.OptionalLiveReloadServer - LiveReload server is running on port 35729
2021-05-20 09:26:27.452 [restartedMain] INFO  org.apache.coyote.http11.Http11NioProtocol - Starting ProtocolHandler ["http-nio-8080"]
2021-05-20 09:26:27.468 [restartedMain] INFO  o.s.boot.web.embedded.tomcat.TomcatWebServer - Tomcat started on port(s): 8080 (http) with context path ''
2021-05-20 09:26:27.477 [restartedMain] INFO  com.example.demo.DemoApplication - Started DemoApplication in 2.235 seconds (JVM running for 2.854)
2021-05-20 09:26:32.029 [http-nio-8080-exec-2] INFO  o.a.c.core.ContainerBase.[Tomcat].[localhost].[/] - Initializing Spring DispatcherServlet 'dispatcherServlet'
2021-05-20 09:26:32.030 [http-nio-8080-exec-2] INFO  org.springframework.web.servlet.DispatcherServlet - Initializing Servlet 'dispatcherServlet'
2021-05-20 09:26:32.030 [http-nio-8080-exec-2] INFO  org.springframework.web.servlet.DispatcherServlet - Completed initialization in 0 ms
2021-05-20 09:26:44.988 [http-nio-8080-exec-5] INFO  com.example.demo.util.MyAspect - ResponseController#form 任务执行开始,args=[org.apache.catalina.connector.RequestFacade@60f02f04]
2021-05-20 09:33:53.411 [http-nio-8080-exec-4] INFO  com.example.demo.util.MyAspect - ResponseController#form 任务执行开始,args=[org.apache.catalina.connector.RequestFacade@358e1102]
2021-05-20 09:36:10.337 [http-nio-8080-exec-9] INFO  com.example.demo.util.MyAspect - ResponseController#form 任务执行开始,args=[org.apache.catalina.connector.RequestFacade@60f02f04]
2021-05-20 09:39:35.732 [http-nio-8080-exec-2] INFO  com.example.demo.util.MyAspect - ResponseController#form 任务执行开始,args=[org.apache.catalina.connector.RequestFacade@286e4c16]
2021-05-20 09:39:40.391 [http-nio-8080-exec-6] INFO  com.example.demo.util.MyAspect - ResponseController#form 任务执行开始,args=[org.apache.catalina.connector.RequestFacade@469815f5]
2021-05-20 09:39:43.205 [http-nio-8080-exec-8] INFO  com.example.demo.util.MyAspect - ResponseController#form 任务执行开始,args=[org.apache.catalina.connector.RequestFacade@60f02f04]
2021-05-20 09:40:48.660 [http-nio-8080-exec-7] INFO  com.example.demo.util.MyAspect - ResponseController#form 任务执行开始,args=[org.apache.catalina.connector.RequestFacade@49adc194]
2021-05-20 09:41:05.060 [http-nio-8080-exec-4] INFO  com.example.demo.util.MyAspect - ResponseController#form 任务执行开始,args=[org.apache.catalina.connector.RequestFacade@60f02f04]
2021-05-20 09:41:34.408 [http-nio-8080-exec-8] INFO  com.example.demo.util.MyAspect - ResponseController#form 任务执行开始,args=[org.apache.catalina.connector.RequestFacade@49adc194]
2021-05-20 09:41:44.107 [http-nio-8080-exec-2] INFO  com.example.demo.util.MyAspect - ResponseController#form 任务执行开始,args=[org.apache.catalina.connector.RequestFacade@286e4c16]
2021-05-20 09:41:58.773 [http-nio-8080-exec-1] INFO  com.example.demo.util.MyAspect - ResponseController#form 任务执行开始,args=[org.apache.catalina.connector.RequestFacade@60f02f04]
2021-05-20 09:42:00.172 [http-nio-8080-exec-8] INFO  com.example.demo.util.MyAspect - ResponseController#form 任务执行开始,args=[org.apache.catalina.connector.RequestFacade@286e4c16]
2021-05-20 09:42:03.705 [http-nio-8080-exec-6] INFO  com.example.demo.util.MyAspect - ResponseController#form 任务执行开始,args=[org.apache.catalina.connector.RequestFacade@60f02f04]
2021-05-20 09:42:12.186 [http-nio-8080-exec-8] INFO  com.example.demo.util.MyAspect - ResponseController#form 任务执行开始,args=[org.apache.catalina.connector.RequestFacade@49adc194]
2021-05-20 09:42:38.765 [http-nio-8080-exec-9] INFO  com.example.demo.util.MyAspect - ResponseController#form 任务执行开始,args=[org.apache.catalina.connector.RequestFacade@286e4c16]
2021-05-20 09:42:39.861 [http-nio-8080-exec-10] INFO  com.example.demo.util.MyAspect - ResponseController#table 任务执行开始,args=[org.apache.catalina.session.StandardSessionFacade@69700648]
2021-05-20 09:42:40.106 [http-nio-8080-exec-10] INFO  com.example.demo.controller.ResponseController - [{"costData":19435,"createTime":1620958674000,"id":1,"signIn":1620958665000,"signOut":1620958674000,"type":0,"userName":"刘备"},{"costData":5511,"createTime":1620958692000,"id":2,"signIn":1620958689000,"signOut":1620958692000,"type":0,"userName":"刘备"},{"costData":1967578,"createTime":1620958927000,"id":3,"signIn":1620958719000,"signOut":1620958927000,"type":0,"userName":"刘备"},{"costData":183308,"createTime":1620958965000,"id":4,"signIn":1620958932000,"signOut":1620958965000,"type":0,"userName":"刘备"},{"costData":5732,"createTime":1620959081000,"id":5,"signIn":1620959077000,"signOut":1620959081000,"type":0,"userName":"刘备"},{"costData":584946,"createTime":1620959496000,"id":6,"signIn":1620959347000,"signOut":1620959496000,"type":0,"userName":"刘备"},{"costData":1181640,"createTime":1620959535000,"id":7,"signIn":1620959501000,"signOut":1620959535000,"type":0,"userName":"刘备"},{"costData":1948877,"createTime":1620959807000,"id":8,"signIn":1620959540000,"signOut":1620959807000,"type":0,"userName":"刘备"},{"costData":387561012,"createTime":1620961377000,"id":9,"signIn":1620961258000,"signOut":1620961377000,"type":0,"userName":"刘备"},{"costData":7917546,"createTime":1620962747000,"id":10,"signIn":1620962674000,"signOut":1620962747000,"type":0,"userName":"刘备"},{"costData":53151529,"createTime":1620963234000,"id":11,"signIn":1620962751000,"signOut":1620963234000,"type":0,"userName":"刘备"},{"costData":14027001,"createTime":1621176492000,"id":12,"signIn":1621176427000,"signOut":1621176492000,"type":0,"userName":"刘备"},{"costData":13920026,"createTime":1621176848000,"id":13,"signIn":1621176795000,"signOut":1621176848000,"type":0,"userName":"刘备"},{"costData":16149243,"createTime":1621176979000,"id":14,"signIn":1621176876000,"signOut":1621176979000,"type":0,"userName":"刘备"},{"costData":26683726,"createTime":1621177121000,"id":15,"signIn":1621176984000,"signOut":1621177121000,"type":0,"userName":"刘备"},{"costData":34036122,"createTime":1621177304000,"id":16,"signIn":1621177125000,"signOut":1621177304000,"type":0,"userName":"刘备"},{"costData":369784023,"createTime":1621259904000,"id":17,"signIn":1621258270000,"signOut":1621259904000,"type":0,"userName":"刘备"},{"costData":2958132,"createTime":1621259917000,"id":18,"signIn":1621259910000,"signOut":1621259918000,"type":0,"userName":"刘备"},{"costData":7932844,"createTime":1621346162000,"id":19,"signIn":1621346112000,"signOut":1621346163000,"type":0,"userName":"刘备"},{"costData":45668865,"createTime":1621346446000,"id":20,"signIn":1621346167000,"signOut":1621346447000,"type":0,"userName":"刘备"},{"costData":-590152512,"createTime":1621383375000,"id":21,"signIn":1621347503000,"signOut":1621383376000,"type":0,"userName":"刘备"},{"costData":9598686923,"createTime":1621433551000,"id":22,"signIn":1621384131000,"signOut":1621433551000,"type":0,"userName":"刘备"}]
2021-05-20 09:42:41.906 [http-nio-8080-exec-6] INFO  com.example.demo.util.MyAspect - ResponseController#form 任务执行开始,args=[org.apache.catalina.connector.RequestFacade@49adc194]
2021-05-20 09:43:08.739 [http-nio-8080-exec-7] INFO  com.example.demo.util.MyAspect - ResponseController#form 任务执行开始,args=[org.apache.catalina.connector.RequestFacade@143ff0e3]
2021-05-20 09:43:43.157 [http-nio-8080-exec-10] INFO  com.example.demo.util.MyAspect - ResponseController#form 任务执行开始,args=[org.apache.catalina.connector.RequestFacade@143ff0e3]
2021-05-20 09:54:38.434 [http-nio-8080-exec-8] INFO  com.example.demo.util.MyAspect - ResponseController#form 任务执行开始,args=[org.apache.catalina.connector.RequestFacade@49adc194]
2021-05-20 09:54:40.438 [http-nio-8080-exec-7] INFO  com.example.demo.util.MyAspect - ResponseController#form 任务执行开始,args=[org.apache.catalina.connector.RequestFacade@143ff0e3]
2021-05-20 09:54:53.221 [http-nio-8080-exec-10] INFO  com.example.demo.util.MyAspect - ResponseController#form 任务执行开始,args=[org.apache.catalina.connector.RequestFacade@49adc194]
2021-05-20 09:58:04.404 [http-nio-8080-exec-1] INFO  com.example.demo.util.MyAspect - ResponseController#form 任务执行开始,args=[org.apache.catalina.connector.RequestFacade@60f02f04]
2021-05-20 09:58:06.049 [http-nio-8080-exec-7] INFO  com.example.demo.util.MyAspect - DataSourceController#userInfoUpdateSubmit 任务执行开始,args=[org.apache.catalina.connector.RequestFacade@358e1102, User(id=null, userName=刘备, passWord=, phone=, email=, idCard=, avatar=null, balance=null, type=null)]
2021-05-20 09:58:06.069 [http-nio-8080-exec-7] WARN  com.alibaba.druid.pool.DruidAbstractDataSource - discard long time none received connection. , jdbcUrl : jdbc:mysql://localhost:3306/MySource?useUnicode=true&characterEncoding=utf-8&serverTime=UTC, version : 1.2.5, lastPacketReceivedIdleMillis : 925981
2021-05-20 09:59:05.159 [http-nio-8080-exec-8] INFO  com.example.demo.util.MyAspect - ResponseController#form 任务执行开始,args=[org.apache.catalina.connector.RequestFacade@358e1102]
2021-05-20 09:59:06.933 [http-nio-8080-exec-2] INFO  com.example.demo.util.MyAspect - DataSourceController#userInfoUpdateSubmit 任务执行开始,args=[org.apache.catalina.connector.RequestFacade@60f02f04, User(id=null, userName=刘备, passWord=, phone=, email=, idCard=, avatar=null, balance=null, type=null)]
2021-05-20 09:59:06.934 [http-nio-8080-exec-2] WARN  com.alibaba.druid.pool.DruidAbstractDataSource - discard long time none received connection. , jdbcUrl : jdbc:mysql://localhost:3306/MySource?useUnicode=true&characterEncoding=utf-8&serverTime=UTC, version : 1.2.5, lastPacketReceivedIdleMillis : 60837
2021-05-20 09:59:22.404 [http-nio-8080-exec-3] INFO  com.example.demo.util.MyAspect - DataSourceController#userInfoUpdateSubmit 任务执行开始,args=[org.apache.catalina.connector.RequestFacade@60f02f04, User(id=null, userName=刘备, passWord=558826, phone=, email=, idCard=, avatar=null, balance=null, type=null)]
2021-05-20 09:59:27.224 [http-nio-8080-exec-4] INFO  com.example.demo.util.MyAspect - ResponseController#form 任务执行开始,args=[org.apache.catalina.connector.RequestFacade@60f02f04]
2021-05-20 09:59:33.117 [http-nio-8080-exec-6] INFO  com.example.demo.util.MyAspect - ResponseController#form 任务执行开始,args=[org.apache.catalina.connector.RequestFacade@358e1102]
2021-05-20 10:04:56.845 [http-nio-8080-exec-3] INFO  com.example.demo.util.MyAspect - ResponseController#form 任务执行开始,args=[org.apache.catalina.connector.RequestFacade@60f02f04]
2021-05-20 10:05:00.323 [http-nio-8080-exec-10] INFO  com.example.demo.util.MyAspect - DataSourceController#userRechargeSubmit 任务执行开始,args=[org.apache.catalina.connector.RequestFacade@49adc194, {rechargeAmount=28}]
2021-05-20 10:05:04.895 [http-nio-8080-exec-2] INFO  com.example.demo.util.MyAspect - DataSourceController#userRechargeSubmit 任务执行开始,args=[org.apache.catalina.connector.RequestFacade@49adc194, {rechargeAmount=28}]
2021-05-20 10:05:38.104 [http-nio-8080-exec-9] INFO  com.example.demo.util.MyAspect - ResponseController#form 任务执行开始,args=[org.apache.catalina.connector.RequestFacade@49adc194]
2021-05-20 10:05:42.874 [http-nio-8080-exec-8] INFO  com.example.demo.util.MyAspect - DataSourceController#userRechargeSubmit 任务执行开始,args=[org.apache.catalina.connector.RequestFacade@358e1102, {rechargeAmount=12}]
2021-05-20 10:06:08.645 [http-nio-8080-exec-1] INFO  com.example.demo.util.MyAspect - ResponseController#form 任务执行开始,args=[org.apache.catalina.connector.RequestFacade@358e1102]
2021-05-20 10:06:11.363 [http-nio-8080-exec-3] INFO  com.example.demo.util.MyAspect - DataSourceController#userInfoUpdateSubmit 任务执行开始,args=[org.apache.catalina.connector.RequestFacade@60f02f04, User(id=null, userName=刘备, passWord=, phone=, email=, idCard=, avatar=null, balance=null, type=null)]
2021-05-20 10:06:11.365 [http-nio-8080-exec-3] WARN  com.alibaba.druid.pool.DruidAbstractDataSource - discard long time none received connection. , jdbcUrl : jdbc:mysql://localhost:3306/MySource?useUnicode=true&characterEncoding=utf-8&serverTime=UTC, version : 1.2.5, lastPacketReceivedIdleMillis : 408951
2021-05-20 10:08:40.376 [http-nio-8080-exec-9] INFO  com.example.demo.util.MyAspect - ResponseController#form 任务执行开始,args=[org.apache.catalina.connector.RequestFacade@60f02f04]
